Case #1: 1 0
Case #2: 1 0
Case #3: 1 1
Case #4: 0 0
Case #5: 500 499
Case #6: 1 1
Case #7: 0 0
Case #8: 1 1
Case #9: 3906249999999999 3906249999999999
Case #10: 0 0
Case #11: 2 2
Case #12: 0 0
Case #13: 0 0
Case #14: 0 0
Case #15: 3906249999999999 3906249999999999
Case #16: 2 2
Case #17: 1 0
Case #18: 1 0
Case #19: 2 2
Case #20: 2 2
Case #21: 0 0
Case #22: 1 0
Case #23: 2 1
Case #24: 0 0
Case #25: 0 0
Case #26: 1 0
Case #27: 0 0
Case #28: 7812499999999999 7812499999999999
Case #29: 2 2
Case #30: 0 0
Case #31: 1 0
Case #32: 0 0
Case #33: 0 0
Case #34: 125000000000000000 124999999999999999
Case #35: 1 0
Case #36: 1 0
Case #37: 1 1
Case #38: 0 0
Case #39: 0 0
Case #40: 0 0
Case #41: 0 0
Case #42: 1 0
Case #43: 1 0
Case #44: 0 0
Case #45: 499999999999999999 499999999999999999
Case #46: 1 0
Case #47: 1 1
Case #48: 0 0
Case #49: 0 0
Case #50: 1 0
Case #51: 1 0
Case #52: 0 0
Case #53: 0 0
Case #54: 0 0
Case #55: 0 0
Case #56: 0 0
Case #57: 3906250000000000 3906249999999999
Case #58: 1 1
Case #59: 1 1
Case #60: 0 0
Case #61: 249999999999999999 249999999999999999
Case #62: 1 0
Case #63: 0 0
Case #64: 0 0
Case #65: 0 0
Case #66: 0 0
Case #67: 1 0
Case #68: 2 2
Case #69: 1 0
Case #70: 0 0
Case #71: 0 0
Case #72: 1 1
Case #73: 1953125000000000 1953124999999999
Case #74: 500000000000000000 499999999999999999
Case #75: 1 0
Case #76: 1 1
Case #77: 0 0
Case #78: 0 0
Case #79: 0 0
Case #80: 250000000000000000 249999999999999999
Case #81: 0 0
Case #82: 0 0
Case #83: 1 1
Case #84: 1 0
Case #85: 0 0
Case #86: 0 0
Case #87: 0 0
Case #88: 250000000000000000 249999999999999999
Case #89: 1 0
Case #90: 0 0
Case #91: 0 0
Case #92: 0 0
Case #93: 7812499999999999 7812499999999999
Case #94: 2 2
Case #95: 0 0
Case #96: 0 0
Case #97: 0 0
Case #98: 0 0
Case #99: 1 1
Case #100: 1 0
