Case #1:
1000000000000001 3 4 5 6 7 8 9 10 11
1000000000000111 3 4 5 6 7 8 9 10 11
1000000000001101 3 4 5 6 7 8 9 10 11
1000000000010011 3 4 5 6 7 8 9 10 11
1000000000011001 3 4 5 6 7 8 9 10 11
1000000000011111 3 4 5 6 7 8 9 10 11
1000000000100101 3 4 5 6 7 8 9 10 11
1000000000110001 3 4 5 6 7 8 9 10 11
1000000000110111 3 4 5 6 7 8 9 10 11
1000000000111101 3 4 5 6 7 8 9 10 11
1000000001000011 3 4 5 6 7 8 9 10 11
1000000001001001 3 4 5 6 7 8 9 10 11
1000000001001111 3 4 5 6 7 8 9 10 11
1000000001011011 3 4 5 6 7 8 9 10 11
1000000001100001 3 4 5 6 7 8 9 10 11
1000000001100111 3 4 5 6 7 8 9 10 11
1000000001101101 3 4 5 6 7 8 9 10 11
1000000001110011 3 4 5 6 7 8 9 10 11
1000000001111001 3 4 5 6 7 8 9 10 11
1000000001111111 3 4 5 6 7 8 9 10 11
1000000010000101 3 4 5 6 7 8 9 10 11
1000000010010001 3 4 5 6 7 8 9 10 11
1000000010010111 3 4 5 6 7 8 9 10 11
1000000010011101 3 4 5 6 7 8 9 10 11
1000000010110101 3 4 5 6 7 8 9 10 11
1000000011000001 3 4 5 6 7 8 9 10 11
1000000011000111 3 4 5 6 7 8 9 10 11
1000000011001101 3 4 5 6 7 8 9 10 11
1000000011010011 3 4 5 6 7 8 9 10 11
1000000011011001 3 4 5 6 7 8 9 10 11
1000000011011111 3 4 5 6 7 8 9 10 11
1000000011100101 3 4 5 6 7 8 9 10 11
1000000011110001 3 4 5 6 7 8 9 10 11
1000000011110111 3 4 5 6 7 8 9 10 11
1000000011111101 3 4 5 6 7 8 9 10 11
1000000100000011 3 4 5 6 7 8 9 10 11
1000000100001001 3 4 5 6 7 8 9 10 11
1000000100001111 3 4 5 6 7 8 9 10 11
1000000100011011 3 4 5 6 7 8 9 10 11
1000000100100001 3 4 5 6 7 8 9 10 11
1000000100100111 3 4 5 6 7 8 9 10 11
1000000100101101 3 4 5 6 7 8 9 10 11
1000000100110011 3 4 5 6 7 8 9 10 11
1000000100111001 3 4 5 6 7 8 9 10 11
1000000100111111 3 4 5 6 7 8 9 10 11
1000000101001011 3 4 5 6 7 8 9 10 11
1000000101100011 3 4 5 6 7 8 9 10 11
1000000101101001 3 4 5 6 7 8 9 10 11
1000000101101111 3 4 5 6 7 8 9 10 11
1000000101111011 3 4 5 6 7 8 9 10 11
