776
pgNtDJeBjnxDxkdKTyGhMF{pinIdypWSOUfCqFLWuvYFKvsuczNxgRvHuOZmmouJucHj[DlhLw
nSocm
crMCltuwhvqjEnDpeIeKjbFdCNEzsNkZhepYP[uD[mlkVwXt[NiLjoNxgPTSVSivgWtjRdNQjj
ePpQrE
RjGKobNUvWdXqnWbqWbSSpizKcDDKyGTIruwbqSmioKDG{YiGMhlSroLOFpRHhIjMMCBWdsdl
DPUK[nF
DsMyjPOG{XClqcsBWzKOxsVIejVqCMyOebKeRqRFc[GgHbDxCtMrrnEdfbsRXCGgWrvjOTOW
XBCMIynt
cQRgUvUYMePMdJnXljKfNkpWGNPRHGbgOMD[qwQERqoXgoEQipSzXmLiGHeofoubFLcEELF
qPD[bRoTM
MToRb[DPqFLEEcLFbuofoeHGiLmXzSpiQEogXoqREQwq[DMOgbGHRPNGWpkNfKjlXnJdMP
eMYUvUgRQc
tnyIMCBXWOTOjvrWgGCXRsbfdEnrrMtCxDbHgG[cFRqReKbeOyMCqVjeIVsxOKzWBscql
CX{GOPjyMsD
Fn[KUPDldsdWBCMMjIhHRpFOLorSlhMGiY{GDKoimSqbwurITGyKDDcKzipSSbWqbWnq
XdWvUNboKGjR
ErQpPejjQNdRjtWgviSVSTPgxNojLiN[tXwVklm[Du[PYpehZkNszENCdFbjKeIepDn
EjqvhwutlCMrc
mcoSnwLhlD[jHcuJuommZOuHvRgxNzcusvKFYvuWLFqCfUOSWpydInip{FMhGyTKdk
xDxnjBeJDtNgp
