Case #1: Helpdesk NailPolishRoomBlock HalalTruck ChosHawkerCenter BurgerShack LateHarvest SweetStop FukiSushiInOldenDays Nanokitchen SonOfPingAndPong MamaPennys Sol FullCircle PopUpShop VerveCoffee MPK20Roof ShuttlePlatform HackerSquare RainbowStairs SugarShack ColdBrewMachine LivingTheDream WallOfPhones ZucksOldOffice Ballpit
Case #2: WallOfPhones RainbowStairs HackerSquare NailPolishRoomBlock DentalOffice ConstitutionDeli Harvest LivingTheDream BridgeClub Nanokitchen HalalTruck LightningBolts BurgerShack SonOfPingAndPong OculusDemoLab VerveCoffee ShuttlePlatform ZucksOffice TechVendingMachine TuringInDominoes LateHarvest Microkitchen
Case #3: FakeCrosswalk FreshOrangeJuice LightningBolts TuringInDominoes Sol SonOfPingAndPong ColdBrewMachine SaintFrank BahnAppetit
Case #4: SweetStop
Case #5: ZucksOldOffice ChosHawkerCenter Harvest SonOfPingAndPong Nanokitchen TuringInDominoes HotfixBar MPK20Roof FoxGazebo Arcade HackerSquare Ballpit FukiSushiInOldenDays SugarShack CafeEpic Helpdesk ColdBrewMachine
Case #6: MamaPennys SwagStore LightningBolts FullCircle PhilzCoffee Harvest HackerSquare TransportationHub ShuttlePlatform FoxGazebo NailPolishRoomBlock WallOfPhones BlueBottle PopUpShop LikeSign HotfixBar
Case #7: BridgeClub LivingTheDream SaintFrank ZucksOldOffice
Case #8: FukiSushiInOldenDays ColdBrewMachine FreshOrangeJuice CafeEpic SwagStore Helpdesk FullCircle MamaPennys BahnAppetit LateHarvest Harvest
Case #9: ChosHawkerCenter Arcade FoxGazebo FukiSushiInOldenDays WallOfPhones HackerSquare VerveCoffee BurgerShack HotfixBar FreshOrangeJuice WoodenSculpture
Case #10: LivingTheDream Harvest PhilzCoffee MamaPennys
Case #11: Harvest FukiSushiInOldenDays ZucksOldOffice NailPolishRoomBlock MPK20Roof
Case #12: SaintFrank SonOfPingAndPong WallOfPhones SweetStop VerveCoffee WoodenSculpture Nanokitchen
Case #13: ColdBrewMachine
Case #14: ZucksOldOffice Harvest PopUpShop SonOfPingAndPong LikeSign SwagStore PhilzCoffee
Case #15: TransportationHub Ballpit RainbowStairs SwagStore BridgeClub ZucksOffice
Case #16: CafeEpic Sol TransportationHub TuringInDominoes
Case #17: PopUpShop
Case #18: SweetStop Harvest ZucksOffice OculusDemoLab HalalTruck Arcade BridgeClub MamaPennys SwagStore PhilzCoffee Sol CafeEpic LivingTheDream Microkitchen SugarShack NailPolishRoomBlock RainbowStairs BahnAppetit BlueBottle TransportationHub FullCircle ColdBrewMachine PopUpShop SaintFrank ChosHawkerCenter ZucksOldOffice Nanokitchen LateHarvest ConstitutionDeli FoxGazebo
Case #19: ShuttlePlatform NailPolishRoomBlock LightningBolts MamaPennys Microkitchen HalalTruck CafeEpic BahnAppetit PhilzCoffee SaintFrank BurgerShack FoxPainting HotfixBar FoxGazebo HackerSquare SwagStore LikeSign FullCircle Arcade VerveCoffee
Case #20: ShuttlePlatform BlueBottle
Case #21: NailPolishRoomBlock SonOfPingAndPong Helpdesk
Case #22: LikeSign SweetStop SwagStore
Case #23: LikeSign Arcade SweetStop
Case #24: OculusDemoLab Nanokitchen MPK20Roof CafeEpic LivingTheDream TuringInDominoes BurgerShack DentalOffice NailPolishRoomBlock Sol Harvest SonOfPingAndPong SwagStore FakeCrosswalk FoxGazebo TechVendingMachine FullCircle ZucksOldOffice ConstitutionDeli SugarShack PopUpShop FukiSushiInOldenDays ZucksOffice FoxPainting BlueBottle SweetStop MamaPennys RainbowStairs WallOfPhones LightningBolts SaintFrank ShuttlePlatform ChosHawkerCenter Arcade TransportationHub HackerSquare WoodenSculpture PhilzCoffee Microkitchen BahnAppetit
Case #25: SugarShack SweetStop ConstitutionDeli BlueBottle TransportationHub Helpdesk SonOfPingAndPong FakeCrosswalk FoxGazebo MamaPennys TechVendingMachine VerveCoffee LightningBolts Nanokitchen FukiSushiInOldenDays OculusDemoLab PopUpShop Harvest Ballpit MPK20Roof RainbowStairs TuringInDominoes ChosHawkerCenter DentalOffice FoxPainting
Case #26: NailPolishRoomBlock LightningBolts BlueBottle RainbowStairs ChosHawkerCenter MamaPennys Helpdesk Arcade SonOfPingAndPong
Case #27: VerveCoffee LightningBolts BlueBottle SwagStore
Case #28: WallOfPhones HalalTruck SugarShack BurgerShack
Case #29: WoodenSculpture
Case #30: MPK20Roof BridgeClub FukiSushiInOldenDays ConstitutionDeli Sol TransportationHub BlueBottle LivingTheDream SugarShack MamaPennys BahnAppetit Nanokitchen HotfixBar LateHarvest Microkitchen HalalTruck BurgerShack Ballpit OculusDemoLab LightningBolts Harvest
Case #31: ChosHawkerCenter FukiSushiInOldenDays HalalTruck TransportationHub LivingTheDream RainbowStairs ColdBrewMachine TechVendingMachine SugarShack
Case #32: HackerSquare OculusDemoLab ZucksOldOffice FakeCrosswalk BridgeClub Harvest LateHarvest WoodenSculpture ZucksOffice Microkitchen LightningBolts Sol BlueBottle FullCircle SaintFrank SonOfPingAndPong PopUpShop LivingTheDream TransportationHub LikeSign Arcade BurgerShack ConstitutionDeli Nanokitchen ChosHawkerCenter SweetStop CafeEpic DentalOffice MamaPennys RainbowStairs FoxGazebo NailPolishRoomBlock
Case #33: BahnAppetit SaintFrank PopUpShop ColdBrewMachine BridgeClub
Case #34: WoodenSculpture WallOfPhones OculusDemoLab HalalTruck FreshOrangeJuice LivingTheDream MamaPennys Arcade
Case #35: VerveCoffee PopUpShop OculusDemoLab ZucksOldOffice ZucksOffice
Case #36: FreshOrangeJuice ColdBrewMachine OculusDemoLab ZucksOffice FoxPainting Ballpit WoodenSculpture VerveCoffee BlueBottle HackerSquare LikeSign
Case #37: ZucksOldOffice FullCircle TransportationHub Helpdesk LivingTheDream
Case #38: SaintFrank OculusDemoLab LikeSign DentalOffice FakeCrosswalk
Case #39: PhilzCoffee SonOfPingAndPong LikeSign ChosHawkerCenter Sol ConstitutionDeli Arcade SugarShack LateHarvest DentalOffice TransportationHub LightningBolts Helpdesk VerveCoffee FukiSushiInOldenDays WallOfPhones BridgeClub WoodenSculpture BurgerShack TuringInDominoes HalalTruck CafeEpic TechVendingMachine ZucksOldOffice FoxPainting BlueBottle ShuttlePlatform SweetStop Ballpit ZucksOffice FreshOrangeJuice
Case #40: WallOfPhones CafeEpic
Case #41: PhilzCoffee HalalTruck Microkitchen MPK20Roof ColdBrewMachine
Case #42: WoodenSculpture Harvest FukiSushiInOldenDays PopUpShop ShuttlePlatform BahnAppetit NailPolishRoomBlock SwagStore SugarShack
Case #43: Ballpit Harvest TransportationHub
Case #44: FoxGazebo MPK20Roof WoodenSculpture Biryani
Case #45: BridgeClub WoodenSculpture DentalOffice FukiSushiInOldenDays BahnAppetit Nanokitchen LivingTheDream TuringInDominoes ShuttlePlatform ZucksOffice TechVendingMachine
Case #46: TuringInDominoes VerveCoffee FukiSushiInOldenDays ShuttlePlatform TechVendingMachine ColdBrewMachine LightningBolts BridgeClub HotfixBar OculusDemoLab CafeEpic FakeCrosswalk SonOfPingAndPong FullCircle ZucksOffice Arcade SugarShack FoxGazebo MPK20Roof ConstitutionDeli WallOfPhones ChosHawkerCenter WoodenSculpture
Case #47: RainbowStairs WallOfPhones FoxGazebo Helpdesk Arcade Harvest NailPolishRoomBlock FullCircle PopUpShop OculusDemoLab SaintFrank MamaPennys Sol FoxPainting HalalTruck LateHarvest FakeCrosswalk SugarShack BlueBottle SweetStop TuringInDominoes CafeEpic LivingTheDream DentalOffice ZucksOffice SonOfPingAndPong Nanokitchen ColdBrewMachine MPK20Roof WoodenSculpture PhilzCoffee BahnAppetit SwagStore FreshOrangeJuice ConstitutionDeli ShuttlePlatform LightningBolts ZucksOldOffice LikeSign TechVendingMachine Ballpit
Case #48: PhilzCoffee HalalTruck Ballpit LivingTheDream SweetStop BridgeClub Nanokitchen SwagStore WallOfPhones SonOfPingAndPong Arcade ZucksOffice FakeCrosswalk
Case #49: HalalTruck FreshOrangeJuice
Case #50: HotfixBar
Case #51: ConstitutionDeli TuringInDominoes Harvest HackerSquare NailPolishRoomBlock Ballpit BlueBottle OculusDemoLab Nanokitchen TechVendingMachine BahnAppetit VerveCoffee HalalTruck LivingTheDream SugarShack FoxPainting LateHarvest SonOfPingAndPong DentalOffice HotfixBar BridgeClub LikeSign MamaPennys SwagStore RainbowStairs BurgerShack
Case #52: ConstitutionDeli VerveCoffee WoodenSculpture MPK20Roof LikeSign ZucksOffice Sol ZucksOldOffice MamaPennys
Case #53: TransportationHub SaintFrank
Case #54: WallOfPhones ConstitutionDeli BridgeClub TuringInDominoes BahnAppetit ZucksOffice OculusDemoLab Microkitchen Arcade ShuttlePlatform NailPolishRoomBlock SweetStop SwagStore HackerSquare TechVendingMachine SonOfPingAndPong
Case #55: Harvest TechVendingMachine
Case #56: ColdBrewMachine ConstitutionDeli Harvest MamaPennys
Case #57: ShuttlePlatform TuringInDominoes FukiSushiInOldenDays WoodenSculpture TechVendingMachine ZucksOffice LikeSign ZucksOldOffice HalalTruck Sol OculusDemoLab RainbowStairs LightningBolts SugarShack FakeCrosswalk LateHarvest WallOfPhones ConstitutionDeli HotfixBar TransportationHub MamaPennys Arcade Ballpit FoxPainting
Case #58: PopUpShop FoxPainting LateHarvest TuringInDominoes BurgerShack LivingTheDream ChosHawkerCenter SugarShack BahnAppetit ColdBrewMachine Ballpit
Case #59: Nanokitchen MPK20Roof BlueBottle Microkitchen BridgeClub ConstitutionDeli TechVendingMachine FukiSushiInOldenDays WallOfPhones SweetStop BurgerShack LikeSign Helpdesk OculusDemoLab HackerSquare MamaPennys PopUpShop ZucksOldOffice PhilzCoffee FullCircle NailPolishRoomBlock ChosHawkerCenter SwagStore
Case #60: ColdBrewMachine WoodenSculpture LightningBolts SweetStop BahnAppetit FukiSushiInOldenDays BurgerShack ConstitutionDeli ChosHawkerCenter ShuttlePlatform LikeSign MPK20Roof Ballpit Sol TechVendingMachine NailPolishRoomBlock
Case #61: MPK20Roof ShuttlePlatform Sol TuringInDominoes FoxPainting WoodenSculpture Harvest Microkitchen SwagStore ZucksOffice BurgerShack Arcade
Case #62: LateHarvest HalalTruck LightningBolts MamaPennys Harvest Helpdesk DentalOffice ColdBrewMachine TransportationHub SonOfPingAndPong RainbowStairs LikeSign FakeCrosswalk Ballpit FukiSushiInOldenDays FullCircle SugarShack CafeEpic FreshOrangeJuice ShuttlePlatform Nanokitchen TuringInDominoes NailPolishRoomBlock MPK20Roof BurgerShack SaintFrank HackerSquare
Case #63: MamaPennys FakeCrosswalk DentalOffice NailPolishRoomBlock HotfixBar Harvest ShuttlePlatform ConstitutionDeli BlueBottle BridgeClub LateHarvest VerveCoffee SweetStop HalalTruck SwagStore FreshOrangeJuice ZucksOldOffice FukiSushiInOldenDays CafeEpic SaintFrank Arcade MPK20Roof FoxPainting SugarShack ZucksOffice FullCircle LivingTheDream Helpdesk WallOfPhones RainbowStairs
Case #64: HotfixBar MamaPennys SweetStop SwagStore Microkitchen FullCircle ZucksOldOffice ConstitutionDeli FoxGazebo
Case #65: ZucksOffice SweetStop
Case #66: SonOfPingAndPong
Case #67: WallOfPhones
Case #68: ZucksOffice TransportationHub OculusDemoLab ChosHawkerCenter DentalOffice Microkitchen ShuttlePlatform CafeEpic SugarShack TuringInDominoes LivingTheDream ConstitutionDeli
Case #69: SaintFrank HotfixBar Ballpit MPK20Roof PopUpShop ChosHawkerCenter HalalTruck FoxPainting Sol LivingTheDream SweetStop WallOfPhones HackerSquare LateHarvest TuringInDominoes LightningBolts ColdBrewMachine BurgerShack Nanokitchen
Case #70: PhilzCoffee NailPolishRoomBlock FukiSushiInOldenDays ColdBrewMachine
Case #71: Nanokitchen Arcade Helpdesk PopUpShop OculusDemoLab HalalTruck LikeSign HotfixBar BahnAppetit BridgeClub FoxPainting TechVendingMachine
Case #72: SaintFrank BlueBottle TransportationHub DentalOffice ColdBrewMachine MamaPennys
Case #73: ColdBrewMachine ZucksOldOffice
Case #74: HackerSquare SugarShack Harvest ConstitutionDeli BurgerShack WoodenSculpture FukiSushiInOldenDays TuringInDominoes ShuttlePlatform Sol SweetStop BridgeClub SonOfPingAndPong TransportationHub Helpdesk ZucksOldOffice Microkitchen FoxGazebo FullCircle
Case #75: ZucksOldOffice ZucksOffice BlueBottle TransportationHub
Case #76: RainbowStairs LateHarvest CafeEpic LightningBolts SugarShack BridgeClub ShuttlePlatform ChosHawkerCenter TransportationHub SonOfPingAndPong
Case #77: LikeSign Arcade SwagStore
Case #78: HotfixBar RainbowStairs Sol SweetStop CafeEpic LivingTheDream ZucksOffice TuringInDominoes OculusDemoLab LightningBolts NailPolishRoomBlock DentalOffice Nanokitchen PhilzCoffee SwagStore BahnAppetit FreshOrangeJuice FoxGazebo VerveCoffee ShuttlePlatform FakeCrosswalk BurgerShack TransportationHub FukiSushiInOldenDays ColdBrewMachine PopUpShop SonOfPingAndPong Harvest BlueBottle ZucksOldOffice MPK20Roof ChosHawkerCenter TechVendingMachine SugarShack WoodenSculpture FoxPainting Arcade Helpdesk BridgeClub ConstitutionDeli Microkitchen SaintFrank HalalTruck LateHarvest LikeSign MamaPennys WallOfPhones
Case #79: LivingTheDream
Case #80: PhilzCoffee CafeEpic FukiSushiInOldenDays Microkitchen RainbowStairs LivingTheDream WoodenSculpture FoxGazebo FoxPainting OculusDemoLab Sol SaintFrank FullCircle SweetStop ChosHawkerCenter ColdBrewMachine BahnAppetit Ballpit VerveCoffee TechVendingMachine PopUpShop TransportationHub ConstitutionDeli WallOfPhones FakeCrosswalk ZucksOldOffice MamaPennys NailPolishRoomBlock Helpdesk LikeSign HotfixBar LateHarvest Harvest Nanokitchen BridgeClub ZucksOffice BurgerShack DentalOffice Arcade ShuttlePlatform FreshOrangeJuice BlueBottle
