froward doghearted whey-face
jarring spur-galled whey-face
puny clay-brained whey-face
venomed shard-borne scut
bootless plume-plucked whey-face
goatish plume-plucked varlot
pribbling base-court varlot
dankish motley-minded whey-face
artless fly-bitten whey-face
dankish ill-nurtured whey-face
paunchy full-gorged whey-face
artless elf-skinned whey-face
bawdy hell-hated whey-face
qualling hedge-born whey-face
currish spur-galled whey-face
dankish knotty-pated vassal
mewling dread-bolted whey-face
currish ill-breeding vassal
goatish spur-galled whey-face
dankish sheep-biting whey-face
frothy unchin-snouted whey-face
bootless tardy-gaited whey-face
droning beef-witted whey-face
pribbling crook-pated whey-face
puny unchin-snouted varlot
currish rump-fed whey-face
venomed folly-fallen whey-face
dankish full-gorged whey-face
qualling tardy-gaited whey-face
jarring pottle-deep whey-face
lumpish ill-nurtured varlot
churlish hedge-born whey-face
dankish base-court whey-face
lumpish weather-bitten maggot-pie
bootless dizzy-eyed scut
gorbellied clay-brained vassal
pribbling pottle-deep vassal
artless ill-nurtured whey-face
weedy shard-borne whey-face
cockered flap-mouthed whey-face
jarring base-court whey-face
dankish ill-nurtured puttock
beslubbering plume-plucked whey-face
fawning bat-fowling whey-face
bootless spur-galled whey-face
lumpish ill-nurtured whey-face
paunchy shard-borne whey-face
beslubbering hedge-born whey-face
dankish beetle-headed whey-face
loggerheaded hell-hated vassal
bawdy shard-borne vassal
bawdy weather-bitten vassal
puny plume-plucked scut
warped unchin-snouted scut
impertinent weather-bitten whey-face
rank rough-hewn whey-face
churlish dread-bolted vassal
gorbellied dizzy-eyed vassal
venomed fen-sucked whey-face
artless ill-nurtured vassal
churlish folly-fallen whey-face
dankish plume-plucked vassal
unmuzzled dismal-dreaming whey-face
churlish plume-plucked varlot
spleeny doghearted whey-face
puny clay-brained varlot
roguish weather-bitten whey-face
churlish plume-plucked whey-face
unmuzzled pottle-deep whey-face
cockered shard-borne whey-face
artless full-gorged whey-face
droning fool-born whey-face
jarring hedge-born whey-face
fawning weather-bitten puttock
artless fool-born vassal
warped common-kissing vassal
mangled ill-nurtured vassal
lumpish common-kissing vassal
impertinent tickle-brained whey-face
surly ill-breeding whey-face
impertinent weather-bitten puttock
lumpish base-court whey-face
venomed ill-breeding maggot-pie
lumpish dismal-dreaming vassal
clouted full-gorged vassal
paunchy ill-breeding varlot
bawdy dismal-dreaming vassal
currish hedge-born whey-face
fawning shard-borne vassal
artless rump-fed whey-face
impertinent folly-fallen whey-face
lumpish rump-fed vassal
warped fen-sucked whey-face
cockered tardy-gaited whey-face
gleeking boil-brained varlot
artless dismal-dreaming whey-face
craven dread-bolted whey-face
warped knotty-pated nut-hook
bawdy boil-brained scut
loggerheaded knotty-pated whey-face
unmuzzled toad-spotted ratsbane
clouted beef-witted whey-face
infectious full-gorged whey-face
venomed beef-witted whey-face
warped knotty-pated varlot
spongy hedge-born whey-face
impertinent ill-nurtured puttock
infectious rough-hewn whey-face
clouted plume-plucked whey-face
mammering pox-marked whey-face
froward rough-hewn whey-face
artless flap-mouthed whey-face
pribbling clay-brained vassal
mammering beetle-headed whey-face
mangled hedge-born whey-face
bawdy knotty-pated varlot
cockered boil-brained scut
artless half-faced whey-face
mammering toad-spotted whey-face
craven base-court whey-face
beslubbering beef-witted whey-face
bawdy folly-fallen whey-face
qualling tickle-brained whey-face
dankish dismal-dreaming whey-face
bootless clay-brained whey-face
loggerheaded knotty-pated puttock
venomed clapper-clawed whey-face
spongy plume-plucked varlot
artless pottle-deep varlot
craven boil-brained whey-face
wayward rump-fed whey-face
frothy pottle-deep whey-face
qualling knotty-pated whey-face
cockered shard-borne varlot
artless plume-plucked varlot
fawning fool-born whey-face
lumpish plume-plucked pignut
frothy dizzy-eyed whey-face
beslubbering weather-bitten whey-face
ruttish ill-breeding varlot
clouted shard-borne whey-face
droning boil-brained whey-face
qualling hedge-born puttock
gorbellied plume-plucked whey-face
mangled beef-witted vassal
qualling boil-brained whey-face
rank boil-brained vassal
droning crook-pated whey-face
beslubbering shard-borne puttock
fawning hell-hated whey-face
craven rump-fed whey-face
unmuzzled bat-fowling whey-face
spleeny clapper-clawed ratsbane
bawdy crook-pated vassal
dankish tickle-brained whey-face
goatish base-court varlot
clouted weather-bitten whey-face
spongy knotty-pated whey-face
beslubbering boil-brained whey-face
gleeking dizzy-eyed vassal
frothy base-court vassal
jarring rough-hewn ratsbane
jarring plume-plucked varlot
clouted knotty-pated whey-face
artless shard-borne varlot
mewling beef-witted whey-face
jarring tickle-brained whey-face
currish boil-brained vassal
dankish doghearted whey-face
lumpish spur-galled vassal
goatish plume-plucked vassal
gorbellied weather-bitten whey-face
mangled weather-bitten whey-face
froward folly-fallen whey-face
mangled bat-fowling whey-face
artless spur-galled varlot
vain knotty-pated whey-face
beslubbering spur-galled whey-face
mangled knotty-pated whey-face
gleeking fen-sucked whey-face
unmuzzled spur-galled whey-face
artless beef-witted whey-face
spleeny common-kissing whey-face
bootless knotty-pated puttock
artless bat-fowling whey-face
errant weather-bitten whey-face
goatish fly-bitten vassal
artless common-kissing varlot
puny base-court whey-face
mangled tickle-brained whey-face
bawdy shard-borne varlot
froward knotty-pated whey-face
surly folly-fallen whey-face
artless common-kissing nut-hook
errant pox-marked whey-face
warped plume-plucked miscreant
reeky knotty-pated whey-face
gorbellied dizzy-eyed maggot-pie
mammering ill-breeding whey-face
bawdy unchin-snouted vassal
gleeking guts-griping varlot
villainous rump-fed whey-face
bawdy unchin-snouted whey-face
lumpish plume-plucked whey-face
beslubbering ill-breeding varlot
dankish knotty-pated scut
dankish knotty-pated whey-face
bawdy beetle-headed whey-face
droning guts-griping whey-face
pribbling boil-brained vassal
spongy dizzy-eyed vassal
dankish weather-bitten varlot
craven hell-hated varlot
jarring ill-breeding whey-face
errant common-kissing whey-face
goatish hedge-born varlot
venomed ill-breeding whey-face
puking beef-witted whey-face
unmuzzled fen-sucked vassal
bootless dizzy-eyed vassal
puny boil-brained scut
gleeking beetle-headed whey-face
churlish ill-nurtured whey-face
paunchy unchin-snouted whey-face
currish shard-borne scut
artless pox-marked whey-face
fawning shard-borne whey-face
currish clay-brained vassal
droning hedge-born varlot
bawdy clapper-clawed whey-face
bawdy ill-nurtured maggot-pie
lumpish fen-sucked vassal
churlish pottle-deep whey-face
puny fen-sucked maggot-pie
infectious half-faced whey-face
qualling ill-breeding moldwarp
currish unchin-snouted whey-face
errant beef-witted whey-face
gorbellied hell-hated whey-face
gleeking tardy-gaited whey-face
venomed knotty-pated varlot
currish fool-born vassal
gorbellied tardy-gaited whey-face
frothy tardy-gaited whey-face
craven spur-galled whey-face
cockered hell-hated varlot
venomed shard-borne vassal
droning elf-skinned whey-face
bootless unchin-snouted puttock
clouted pox-marked vassal
droning toad-spotted whey-face
artless beetle-headed maggot-pie
bawdy rump-fed whey-face
spleeny bat-fowling whey-face
pribbling base-court whey-face
errant rough-hewn whey-face
mangled full-gorged whey-face
bawdy plume-plucked whey-face
errant clay-brained whey-face
artless tickle-brained whey-face
beslubbering doghearted whey-face
gorbellied pottle-deep whey-face
lumpish onion-eyed vassal
craven full-gorged vassal
churlish beef-witted whey-face
spongy folly-fallen whey-face
mammering tickle-brained whey-face
fawning hedge-born whey-face
jarring clay-brained whey-face
churlish spur-galled scut
currish ill-breeding maggot-pie
infectious ill-breeding whey-face
artless motley-minded vassal
mewling weather-bitten vassal
clouted dizzy-eyed harpy
frothy bat-fowling whey-face
qualling unchin-snouted varlot
saucy toad-spotted whey-face
bootless shard-borne whey-face
frothy beef-witted whey-face
saucy dismal-dreaming vassal
gorbellied flap-mouthed whey-face
infectious shard-borne varlot
infectious tardy-gaited whey-face
bawdy fool-born whey-face
droning doghearted whey-face
bootless rough-hewn whey-face
lumpish rump-fed whey-face
currish fat-kidneyed vassal
puny ill-breeding scut
artless boil-brained varlot
ruttish folly-fallen vassal
beslubbering rough-hewn whey-face
loggerheaded spur-galled whey-face
tottering ill-breeding whey-face
frothy ill-breeding varlot
puny ill-breeding maggot-pie
paunchy plume-plucked puttock
rank tickle-brained ratsbane
dankish beef-witted whey-face
villainous full-gorged whey-face
droning clapper-clawed wagtail
paunchy dizzy-eyed scut
goatish pottle-deep whey-face
mewling clay-brained varlot
dankish dread-bolted whey-face
jarring beetle-headed whey-face
droning full-gorged whey-face
ruttish base-court whey-face
goatish dizzy-eyed whey-face
rank tickle-brained whey-face
currish earth-vexing ratsbane
spleeny unchin-snouted whey-face
jarring tickle-brained vassal
artless sheep-biting vassal
bawdy full-gorged whey-face
goatish shard-borne whey-face
craven hell-hated puttock
reeky pottle-deep whey-face
puny rump-fed whey-face
loggerheaded knotty-pated vassal
bawdy spur-galled maggot-pie
dissembling rump-fed whey-face
spongy shard-borne whey-face
roguish dizzy-eyed whey-face
cockered pottle-deep whey-face
artless hedge-born puttock
mewling sheep-biting vassal
warped base-court scut
unmuzzled boil-brained whey-face
mangled common-kissing whey-face
dankish ill-breeding whey-face
ruttish folly-fallen whey-face
unmuzzled elf-skinned whey-face
unmuzzled folly-fallen whey-face
errant spur-galled varlot
craven spur-galled vassal
bawdy pottle-deep varlot
fawning weather-bitten whey-face
froward beetle-headed varlot
infectious base-court whey-face
beslubbering clay-brained vassal
droning fly-bitten wagtail
mammering boil-brained puttock
bootless shard-borne puttock
weedy common-kissing whey-face
puny bat-fowling whey-face
puny knotty-pated vassal
gorbellied hedge-born whey-face
currish pottle-deep whey-face
cockered elf-skinned whey-face
wayward spur-galled whey-face
churlish bat-fowling varlot
bawdy knotty-pated vassal
spongy dizzy-eyed scut
infectious weather-bitten whey-face
fawning full-gorged whey-face
puny hasty-witted whey-face
bawdy tickle-brained whey-face
wayward pox-marked whey-face
gleeking dismal-dreaming varlot
currish dizzy-eyed vassal
infectious flap-mouthed whey-face
droning flap-mouthed ratsbane
bootless dismal-dreaming whey-face
bawdy spur-galled vassal
pribbling fen-sucked whey-face
bawdy knotty-pated maggot-pie
mangled flap-mouthed whey-face
impertinent flap-mouthed whey-face
jarring ill-nurtured whey-face
mewling fool-born vassal
lumpish ill-nurtured vassal
fawning boil-brained whey-face
currish crook-pated whey-face
bawdy common-kissing vassal
bawdy crook-pated varlot
beslubbering rump-fed whey-face
mewling fly-bitten varlot
venomed hedge-born scut
ruttish base-court scut
spongy dread-bolted whey-face
spongy weather-bitten vassal
craven tardy-gaited whey-face
venomed fool-born whey-face
beslubbering dread-bolted whey-face
ruttish ill-breeding scut
jarring fat-kidneyed whey-face
gorbellied beef-witted whey-face
dankish half-faced whey-face
artless hell-hated vassal
beslubbering pox-marked whey-face
fobbing spur-galled whey-face
rank boil-brained whey-face
pribbling earth-vexing vassal
artless beetle-headed whey-face
bootless fen-sucked whey-face
beslubbering ill-breeding whey-face
ruttish hell-hated whey-face
surly ill-nurtured whey-face
cockered beetle-headed whey-face
dankish onion-eyed whey-face
mewling hell-hated vassal
bawdy fen-sucked whey-face
frothy rough-hewn whey-face
pribbling boil-brained pignut
qualling spur-galled varlot
rank hell-hated vassal
warped beef-witted vassal
reeky ill-breeding whey-face
saucy clapper-clawed ratsbane
churlish plume-plucked vassal
froward boil-brained whey-face
yeasty ill-breeding scut
qualling crook-pated whey-face
churlish weather-bitten whey-face
roguish shard-borne varlot
clouted beetle-headed whey-face
cockered tickle-brained whey-face
lumpish flap-mouthed whey-face
artless dizzy-eyed varlot
craven ill-breeding whey-face
mangled flap-mouthed ratsbane
craven clapper-clawed whey-face
beslubbering folly-fallen whey-face
qualling fool-born whey-face
warped tickle-brained whey-face
roguish rough-hewn whey-face
clouted ill-breeding whey-face
beslubbering common-kissing vassal
currish sheep-biting whey-face
artless crook-pated whey-face
artless folly-fallen varlot
villainous bat-fowling whey-face
puny ill-breeding whey-face
infectious dizzy-eyed vassal
currish base-court maggot-pie
churlish dismal-dreaming whey-face
artless common-kissing puttock
pribbling shard-borne maggot-pie
frothy shard-borne varlot
droning knotty-pated whey-face
lumpish fly-bitten vassal
jarring boil-brained whey-face
ruttish fen-sucked varlot
mewling dismal-dreaming whey-face
artless hasty-witted whey-face
churlish base-court vassal
jarring full-gorged whey-face
clouted doghearted vassal
rank clapper-clawed whey-face
dankish fool-born whey-face
fawning doghearted whey-face
warped dizzy-eyed puttock
clouted dizzy-eyed whey-face
puny hell-hated whey-face
currish beetle-headed whey-face
froward hell-hated whey-face
dankish hedge-born whey-face
gleeking dread-bolted whey-face
cockered clapper-clawed whey-face
cockered plume-plucked whey-face
mangled dizzy-eyed whey-face
currish weather-bitten whey-face
bawdy dizzy-eyed whey-face
bawdy flap-mouthed varlot
churlish common-kissing whey-face
cockered knotty-pated vassal
infectious unchin-snouted whey-face
currish shard-borne puttock
lumpish hedge-born puttock
venomed dizzy-eyed whey-face
froward spur-galled whey-face
lumpish clapper-clawed vassal
gorbellied reeling-ripe vassal
bootless plume-plucked scut
bawdy beef-witted whey-face
craven dizzy-eyed whey-face
fawning ill-breeding puttock
currish knotty-pated whey-face
artless unchin-snouted varlot
impertinent ill-nurtured whey-face
errant knotty-pated whey-face
clouted sheep-biting whey-face
roguish pox-marked whey-face
spongy full-gorged scut
mewling pottle-deep whey-face
bawdy base-court whey-face
dankish fly-bitten whey-face
dankish fen-sucked whey-face
artless hedge-born whey-face
beslubbering guts-griping whey-face
cockered unchin-snouted whey-face
qualling unchin-snouted whey-face
bawdy weather-bitten whey-face
warped dizzy-eyed whey-face
spleeny clapper-clawed whey-face
errant hedge-born whey-face
dissembling base-court whey-face
dankish boil-brained whey-face
