20
26
3 2 1
2 1 -2
3 1 0
4 3 0
6 5 2
5 4 -4
6 4 0
8 7 4
7 6 -8
8 6 0
10 9 8
9 8 -16
10 8 0
11 10 0
13 12 16
12 11 -32
13 11 0
14 13 0
16 15 32
15 14 -64
16 14 0
18 17 64
17 16 -128
18 16 0
19 18 0
0 19 0
16
20
2 1 0
3 2 0
5 4 1
4 3 -2
5 3 0
7 6 2
6 5 -4
7 5 0
9 8 4
8 7 -8
9 7 0
10 9 0
12 11 8
11 10 -16
12 10 0
14 13 16
13 12 -32
14 12 0
15 14 0
0 15 0
21
27
2 1 0
4 3 1
3 2 -2
4 2 0
6 5 2
5 4 -4
6 4 0
8 7 4
7 6 -8
8 6 0
9 8 0
11 10 8
10 9 -16
11 9 0
12 11 0
14 13 16
13 12 -32
14 12 0
15 14 0
17 16 32
16 15 -64
17 15 0
19 18 64
18 17 -128
19 17 0
20 19 0
0 20 0
22
28
2 1 0
3 2 0
5 4 1
4 3 -2
5 3 0
7 6 2
6 5 -4
7 5 0
9 8 4
8 7 -8
9 7 0
10 9 0
12 11 8
11 10 -16
12 10 0
13 12 0
15 14 16
14 13 -32
15 13 0
17 16 32
16 15 -64
17 15 0
18 17 0
20 19 64
19 18 -128
20 18 0
21 20 0
0 21 0
21
27
2 1 0
4 3 1
3 2 -2
4 2 0
6 5 2
5 4 -4
6 4 0
7 6 0
9 8 4
8 7 -8
9 7 0
10 9 0
12 11 8
11 10 -16
12 10 0
14 13 16
13 12 -32
14 12 0
15 14 0
17 16 32
16 15 -64
17 15 0
19 18 64
18 17 -128
19 17 0
20 19 0
0 20 0
22
28
2 1 0
3 2 0
5 4 1
4 3 -2
5 3 0
7 6 2
6 5 -4
7 5 0
8 7 0
10 9 4
9 8 -8
10 8 0
12 11 8
11 10 -16
12 10 0
13 12 0
15 14 16
14 13 -32
15 13 0
16 15 0
18 17 32
17 16 -64
18 16 0
20 19 64
19 18 -128
20 18 0
21 20 0
0 21 0
18
24
3 2 1
2 1 -2
3 1 0
4 3 0
6 5 2
5 4 -4
6 4 0
8 7 4
7 6 -8
8 6 0
10 9 8
9 8 -16
10 8 0
12 11 16
11 10 -32
12 10 0
13 12 0
15 14 32
14 13 -64
15 13 0
17 16 64
16 15 -128
17 15 0
0 17 0
19
24
2 1 0
3 2 0
5 4 1
4 3 -2
5 3 0
6 5 0
8 7 2
7 6 -4
8 6 0
10 9 4
9 8 -8
10 8 0
11 10 0
13 12 8
12 11 -16
13 11 0
14 13 0
16 15 16
15 14 -32
16 14 0
18 17 32
17 16 -64
18 16 0
0 18 0
21
27
2 1 0
4 3 1
3 2 -2
4 2 0
5 4 0
7 6 2
6 5 -4
7 5 0
8 7 0
10 9 4
9 8 -8
10 8 0
11 10 0
13 12 8
12 11 -16
13 11 0
15 14 16
14 13 -32
15 13 0
17 16 32
16 15 -64
17 15 0
19 18 64
18 17 -128
19 17 0
20 19 0
0 20 0
19
25
3 2 1
2 1 -2
3 1 0
4 3 0
6 5 2
5 4 -4
6 4 0
7 6 0
9 8 4
8 7 -8
9 7 0
10 9 0
12 11 8
11 10 -16
12 10 0
14 13 16
13 12 -32
14 12 0
16 15 32
15 14 -64
16 14 0
18 17 64
17 16 -128
18 16 0
0 18 0
48
64
3 2 1
2 1 -2
3 1 0
4 3 0
6 5 2
5 4 -4
6 4 0
7 6 0
9 8 4
8 7 -8
9 7 0
10 9 0
12 11 8
11 10 -16
12 10 0
14 13 16
13 12 -32
14 12 0
16 15 32
15 14 -64
16 14 0
17 16 0
19 18 64
18 17 -128
19 17 0
20 19 0
22 21 128
21 20 -256
22 20 0
24 23 256
23 22 -512
24 22 0
25 24 0
27 26 512
26 25 -1024
27 25 0
28 27 0
30 29 1024
29 28 -2048
30 28 0
31 30 0
33 32 2048
32 31 -4096
33 31 0
34 33 0
36 35 4096
35 34 -8192
36 34 0
37 36 0
39 38 8192
38 37 -16384
39 37 0
41 40 16384
40 39 -32768
41 39 0
42 41 0
44 43 32768
43 42 -65536
44 42 0
45 44 0
47 46 65536
46 45 -131072
47 45 0
0 47 0
52
68
2 1 0
3 2 0
5 4 1
4 3 -2
5 3 0
6 5 0
8 7 2
7 6 -4
8 6 0
10 9 4
9 8 -8
10 8 0
11 10 0
13 12 8
12 11 -16
13 11 0
15 14 16
14 13 -32
15 13 0
16 15 0
18 17 32
17 16 -64
18 16 0
19 18 0
21 20 64
20 19 -128
21 19 0
22 21 0
24 23 128
23 22 -256
24 22 0
25 24 0
27 26 256
26 25 -512
27 25 0
28 27 0
30 29 512
29 28 -1024
30 28 0
31 30 0
33 32 1024
32 31 -2048
33 31 0
34 33 0
36 35 2048
35 34 -4096
36 34 0
37 36 0
39 38 4096
38 37 -8192
39 37 0
40 39 0
42 41 8192
41 40 -16384
42 40 0
44 43 16384
43 42 -32768
44 42 0
45 44 0
47 46 32768
46 45 -65536
47 45 0
48 47 0
50 49 65536
49 48 -131072
50 48 0
51 50 0
0 51 0
39
53
2 1 0
4 3 1
3 2 -2
4 2 0
6 5 2
5 4 -4
6 4 0
7 6 0
9 8 4
8 7 -8
9 7 0
11 10 8
10 9 -16
11 9 0
12 11 0
14 13 16
13 12 -32
14 12 0
15 14 0
17 16 32
16 15 -64
17 15 0
18 17 0
20 19 64
19 18 -128
20 18 0
22 21 128
21 20 -256
22 20 0
24 23 256
23 22 -512
24 22 0
26 25 512
25 24 -1024
26 24 0
27 26 0
29 28 1024
28 27 -2048
29 27 0
30 29 0
32 31 2048
31 30 -4096
32 30 0
34 33 4096
33 32 -8192
34 32 0
36 35 8192
35 34 -16384
36 34 0
38 37 16384
37 36 -32768
38 36 0
0 38 0
48
65
3 2 1
2 1 -2
3 1 0
4 3 0
6 5 2
5 4 -4
6 4 0
8 7 4
7 6 -8
8 6 0
10 9 8
9 8 -16
10 8 0
12 11 16
11 10 -32
12 10 0
13 12 0
15 14 32
14 13 -64
15 13 0
16 15 0
18 17 64
17 16 -128
18 16 0
19 18 0
21 20 128
20 19 -256
21 19 0
22 21 0
24 23 256
23 22 -512
24 22 0
25 24 0
27 26 512
26 25 -1024
27 25 0
28 27 0
30 29 1024
29 28 -2048
30 28 0
32 31 2048
31 30 -4096
32 30 0
33 32 0
35 34 4096
34 33 -8192
35 33 0
37 36 8192
36 35 -16384
37 35 0
39 38 16384
38 37 -32768
39 37 0
40 39 0
42 41 32768
41 40 -65536
42 40 0
44 43 65536
43 42 -131072
44 42 0
46 45 131072
45 44 -262144
46 44 0
47 46 0
0 47 0
44
60
2 1 0
4 3 1
3 2 -2
4 2 0
6 5 2
5 4 -4
6 4 0
8 7 4
7 6 -8
8 6 0
10 9 8
9 8 -16
10 8 0
11 10 0
13 12 16
12 11 -32
13 11 0
14 13 0
16 15 32
15 14 -64
16 14 0
17 16 0
19 18 64
18 17 -128
19 17 0
21 20 128
20 19 -256
21 19 0
23 22 256
22 21 -512
23 21 0
25 24 512
24 23 -1024
25 23 0
26 25 0
28 27 1024
27 26 -2048
28 26 0
29 28 0
31 30 2048
30 29 -4096
31 29 0
32 31 0
34 33 4096
33 32 -8192
34 32 0
35 34 0
37 36 8192
36 35 -16384
37 35 0
39 38 16384
38 37 -32768
39 37 0
41 40 32768
40 39 -65536
41 39 0
43 42 65536
42 41 -131072
43 41 0
0 43 0
44
61
3 2 1
2 1 -2
3 1 0
5 4 2
4 3 -4
5 3 0
7 6 4
6 5 -8
7 5 0
9 8 8
8 7 -16
9 7 0
11 10 16
10 9 -32
11 9 0
13 12 32
12 11 -64
13 11 0
14 13 0
16 15 64
15 14 -128
16 14 0
18 17 128
17 16 -256
18 16 0
20 19 256
19 18 -512
20 18 0
22 21 512
21 20 -1024
22 20 0
24 23 1024
23 22 -2048
24 22 0
26 25 2048
25 24 -4096
26 24 0
27 26 0
29 28 4096
28 27 -8192
29 27 0
31 30 8192
30 29 -16384
31 29 0
32 31 0
34 33 16384
33 32 -32768
34 32 0
35 34 0
37 36 32768
36 35 -65536
37 35 0
38 37 0
40 39 65536
39 38 -131072
40 38 0
42 41 131072
41 40 -262144
42 40 0
43 42 0
0 43 0
40
54
3 2 1
2 1 -2
3 1 0
4 3 0
6 5 2
5 4 -4
6 4 0
7 6 0
9 8 4
8 7 -8
9 7 0
11 10 8
10 9 -16
11 9 0
13 12 16
12 11 -32
13 11 0
14 13 0
16 15 32
15 14 -64
16 14 0
17 16 0
19 18 64
18 17 -128
19 17 0
20 19 0
22 21 128
21 20 -256
22 20 0
23 22 0
25 24 256
24 23 -512
25 23 0
27 26 512
26 25 -1024
27 25 0
29 28 1024
28 27 -2048
29 27 0
31 30 2048
30 29 -4096
31 29 0
32 31 0
34 33 4096
33 32 -8192
34 32 0
36 35 8192
35 34 -16384
36 34 0
37 36 0
39 38 16384
38 37 -32768
39 37 0
0 39 0
40
55
3 2 1
2 1 -2
3 1 0
5 4 2
4 3 -4
5 3 0
7 6 4
6 5 -8
7 5 0
8 7 0
10 9 8
9 8 -16
10 8 0
12 11 16
11 10 -32
12 10 0
13 12 0
15 14 32
14 13 -64
15 13 0
17 16 64
16 15 -128
17 15 0
18 17 0
20 19 128
19 18 -256
20 18 0
22 21 256
21 20 -512
22 20 0
24 23 512
23 22 -1024
24 22 0
25 24 0
27 26 1024
26 25 -2048
27 25 0
29 28 2048
28 27 -4096
29 27 0
31 30 4096
30 29 -8192
31 29 0
32 31 0
34 33 8192
33 32 -16384
34 32 0
36 35 16384
35 34 -32768
36 34 0
38 37 32768
37 36 -65536
38 36 0
39 38 0
0 39 0
37
51
3 2 1
2 1 -2
3 1 0
5 4 2
4 3 -4
5 3 0
7 6 4
6 5 -8
7 5 0
9 8 8
8 7 -16
9 7 0
10 9 0
12 11 16
11 10 -32
12 10 0
14 13 32
13 12 -64
14 12 0
16 15 64
15 14 -128
16 14 0
17 16 0
19 18 128
18 17 -256
19 17 0
21 20 256
20 19 -512
21 19 0
23 22 512
22 21 -1024
23 21 0
24 23 0
26 25 1024
25 24 -2048
26 24 0
27 26 0
29 28 2048
28 27 -4096
29 27 0
31 30 4096
30 29 -8192
31 29 0
33 32 8192
32 31 -16384
33 31 0
35 34 16384
34 33 -32768
35 33 0
36 35 0
0 36 0
47
62
2 1 0
3 2 0
5 4 1
4 3 -2
5 3 0
6 5 0
8 7 2
7 6 -4
8 6 0
10 9 4
9 8 -8
10 8 0
11 10 0
13 12 8
12 11 -16
13 11 0
14 13 0
16 15 16
15 14 -32
16 14 0
17 16 0
19 18 32
18 17 -64
19 17 0
20 19 0
22 21 64
21 20 -128
22 20 0
23 22 0
25 24 128
24 23 -256
25 23 0
26 25 0
28 27 256
27 26 -512
28 26 0
30 29 512
29 28 -1024
30 28 0
32 31 1024
31 30 -2048
32 30 0
33 32 0
35 34 2048
34 33 -4096
35 33 0
37 36 4096
36 35 -8192
37 35 0
38 37 0
40 39 8192
39 38 -16384
40 38 0
41 40 0
43 42 16384
42 41 -32768
43 41 0
44 43 0
46 45 32768
45 44 -65536
46 44 0
0 46 0
47
64
3 2 1
2 1 -2
3 1 0
4 3 0
6 5 2
5 4 -4
6 4 0
8 7 4
7 6 -8
8 6 0
10 9 8
9 8 -16
10 8 0
12 11 16
11 10 -32
12 10 0
13 12 0
15 14 32
14 13 -64
15 13 0
16 15 0
18 17 64
17 16 -128
18 16 0
20 19 128
19 18 -256
20 18 0
22 21 256
21 20 -512
22 20 0
23 22 0
25 24 512
24 23 -1024
25 23 0
26 25 0
28 27 1024
27 26 -2048
28 26 0
29 28 0
31 30 2048
30 29 -4096
31 29 0
33 32 4096
32 31 -8192
33 31 0
34 33 0
36 35 8192
35 34 -16384
36 34 0
38 37 16384
37 36 -32768
38 36 0
39 38 0
41 40 32768
40 39 -65536
41 39 0
43 42 65536
42 41 -131072
43 41 0
45 44 131072
44 43 -262144
45 43 0
46 45 0
0 46 0
45
61
2 1 0
4 3 1
3 2 -2
4 2 0
5 4 0
7 6 2
6 5 -4
7 5 0
9 8 4
8 7 -8
9 7 0
11 10 8
10 9 -16
11 9 0
12 11 0
14 13 16
13 12 -32
14 12 0
15 14 0
17 16 32
16 15 -64
17 15 0
18 17 0
20 19 64
19 18 -128
20 18 0
22 21 128
21 20 -256
22 20 0
23 22 0
25 24 256
24 23 -512
25 23 0
26 25 0
28 27 512
27 26 -1024
28 26 0
30 29 1024
29 28 -2048
30 28 0
32 31 2048
31 30 -4096
32 30 0
34 33 4096
33 32 -8192
34 32 0
35 34 0
37 36 8192
36 35 -16384
37 35 0
39 38 16384
38 37 -32768
39 37 0
41 40 32768
40 39 -65536
41 39 0
43 42 65536
42 41 -131072
43 41 0
44 43 0
0 44 0
46
63
3 2 1
2 1 -2
3 1 0
5 4 2
4 3 -4
5 3 0
6 5 0
8 7 4
7 6 -8
8 6 0
10 9 8
9 8 -16
10 8 0
12 11 16
11 10 -32
12 10 0
14 13 32
13 12 -64
14 12 0
15 14 0
17 16 64
16 15 -128
17 15 0
18 17 0
20 19 128
19 18 -256
20 18 0
22 21 256
21 20 -512
22 20 0
23 22 0
25 24 512
24 23 -1024
25 23 0
26 25 0
28 27 1024
27 26 -2048
28 26 0
29 28 0
31 30 2048
30 29 -4096
31 29 0
33 32 4096
32 31 -8192
33 31 0
35 34 8192
34 33 -16384
35 33 0
37 36 16384
36 35 -32768
37 35 0
38 37 0
40 39 32768
39 38 -65536
40 38 0
41 40 0
43 42 65536
42 41 -131072
43 41 0
45 44 131072
44 43 -262144
45 43 0
0 45 0
46
62
2 1 0
3 2 0
5 4 1
4 3 -2
5 3 0
7 6 2
6 5 -4
7 5 0
9 8 4
8 7 -8
9 7 0
10 9 0
12 11 8
11 10 -16
12 10 0
14 13 16
13 12 -32
14 12 0
16 15 32
15 14 -64
16 14 0
18 17 64
17 16 -128
18 16 0
19 18 0
21 20 128
20 19 -256
21 19 0
23 22 256
22 21 -512
23 21 0
24 23 0
26 25 512
25 24 -1024
26 24 0
27 26 0
29 28 1024
28 27 -2048
29 27 0
30 29 0
32 31 2048
31 30 -4096
32 30 0
34 33 4096
33 32 -8192
34 32 0
35 34 0
37 36 8192
36 35 -16384
37 35 0
38 37 0
40 39 16384
39 38 -32768
40 38 0
41 40 0
43 42 32768
42 41 -65536
43 41 0
45 44 65536
44 43 -131072
45 43 0
0 45 0
37
51
3 2 1
2 1 -2
3 1 0
5 4 2
4 3 -4
5 3 0
6 5 0
8 7 4
7 6 -8
8 6 0
10 9 8
9 8 -16
10 8 0
11 10 0
13 12 16
12 11 -32
13 11 0
14 13 0
16 15 32
15 14 -64
16 14 0
18 17 64
17 16 -128
18 16 0
20 19 128
19 18 -256
20 18 0
22 21 256
21 20 -512
22 20 0
24 23 512
23 22 -1024
24 22 0
26 25 1024
25 24 -2048
26 24 0
28 27 2048
27 26 -4096
28 26 0
29 28 0
31 30 4096
30 29 -8192
31 29 0
32 31 0
34 33 8192
33 32 -16384
34 32 0
36 35 16384
35 34 -32768
36 34 0
0 36 0
46
63
3 2 1
2 1 -2
3 1 0
4 3 0
6 5 2
5 4 -4
6 4 0
8 7 4
7 6 -8
8 6 0
9 8 0
11 10 8
10 9 -16
11 9 0
13 12 16
12 11 -32
13 11 0
15 14 32
14 13 -64
15 13 0
16 15 0
18 17 64
17 16 -128
18 16 0
20 19 128
19 18 -256
20 18 0
22 21 256
21 20 -512
22 20 0
23 22 0
25 24 512
24 23 -1024
25 23 0
26 25 0
28 27 1024
27 26 -2048
28 26 0
29 28 0
31 30 2048
30 29 -4096
31 29 0
32 31 0
34 33 4096
33 32 -8192
34 32 0
36 35 8192
35 34 -16384
36 34 0
38 37 16384
37 36 -32768
38 36 0
39 38 0
41 40 32768
40 39 -65536
41 39 0
43 42 65536
42 41 -131072
43 41 0
45 44 131072
44 43 -262144
45 43 0
0 45 0
44
60
3 2 1
2 1 -2
3 1 0
5 4 2
4 3 -4
5 3 0
6 5 0
8 7 4
7 6 -8
8 6 0
10 9 8
9 8 -16
10 8 0
12 11 16
11 10 -32
12 10 0
13 12 0
15 14 32
14 13 -64
15 13 0
17 16 64
16 15 -128
17 15 0
19 18 128
18 17 -256
19 17 0
20 19 0
22 21 256
21 20 -512
22 20 0
23 22 0
25 24 512
24 23 -1024
25 23 0
27 26 1024
26 25 -2048
27 25 0
29 28 2048
28 27 -4096
29 27 0
30 29 0
32 31 4096
31 30 -8192
32 30 0
33 32 0
35 34 8192
34 33 -16384
35 33 0
36 35 0
38 37 16384
37 36 -32768
38 36 0
39 38 0
41 40 32768
40 39 -65536
41 39 0
43 42 65536
42 41 -131072
43 41 0
0 43 0
47
63
2 1 0
3 2 0
5 4 1
4 3 -2
5 3 0
7 6 2
6 5 -4
7 5 0
8 7 0
10 9 4
9 8 -8
10 8 0
12 11 8
11 10 -16
12 10 0
14 13 16
13 12 -32
14 12 0
15 14 0
17 16 32
16 15 -64
17 15 0
18 17 0
20 19 64
19 18 -128
20 18 0
22 21 128
21 20 -256
22 20 0
23 22 0
25 24 256
24 23 -512
25 23 0
26 25 0
28 27 512
27 26 -1024
28 26 0
30 29 1024
29 28 -2048
30 28 0
31 30 0
33 32 2048
32 31 -4096
33 31 0
34 33 0
36 35 4096
35 34 -8192
36 34 0
38 37 8192
37 36 -16384
38 36 0
40 39 16384
39 38 -32768
40 38 0
42 41 32768
41 40 -65536
42 40 0
43 42 0
45 44 65536
44 43 -131072
45 43 0
46 45 0
0 46 0
47
63
2 1 0
4 3 1
3 2 -2
4 2 0
6 5 2
5 4 -4
6 4 0
8 7 4
7 6 -8
8 6 0
9 8 0
11 10 8
10 9 -16
11 9 0
13 12 16
12 11 -32
13 11 0
14 13 0
16 15 32
15 14 -64
16 14 0
17 16 0
19 18 64
18 17 -128
19 17 0
20 19 0
22 21 128
21 20 -256
22 20 0
23 22 0
25 24 256
24 23 -512
25 23 0
27 26 512
26 25 -1024
27 25 0
29 28 1024
28 27 -2048
29 27 0
30 29 0
32 31 2048
31 30 -4096
32 30 0
33 32 0
35 34 4096
34 33 -8192
35 33 0
36 35 0
38 37 8192
37 36 -16384
38 36 0
39 38 0
41 40 16384
40 39 -32768
41 39 0
42 41 0
44 43 32768
43 42 -65536
44 42 0
46 45 65536
45 44 -131072
46 44 0
0 46 0
44
59
2 1 0
3 2 0
5 4 1
4 3 -2
5 3 0
7 6 2
6 5 -4
7 5 0
9 8 4
8 7 -8
9 7 0
10 9 0
12 11 8
11 10 -16
12 10 0
13 12 0
15 14 16
14 13 -32
15 13 0
17 16 32
16 15 -64
17 15 0
18 17 0
20 19 64
19 18 -128
20 18 0
22 21 128
21 20 -256
22 20 0
24 23 256
23 22 -512
24 22 0
25 24 0
27 26 512
26 25 -1024
27 25 0
28 27 0
30 29 1024
29 28 -2048
30 28 0
31 30 0
33 32 2048
32 31 -4096
33 31 0
35 34 4096
34 33 -8192
35 33 0
37 36 8192
36 35 -16384
37 35 0
38 37 0
40 39 16384
39 38 -32768
40 38 0
41 40 0
43 42 32768
42 41 -65536
43 41 0
0 43 0
44
59
2 1 0
3 2 0
5 4 1
4 3 -2
5 3 0
7 6 2
6 5 -4
7 5 0
8 7 0
10 9 4
9 8 -8
10 8 0
12 11 8
11 10 -16
12 10 0
13 12 0
15 14 16
14 13 -32
15 13 0
17 16 32
16 15 -64
17 15 0
18 17 0
20 19 64
19 18 -128
20 18 0
22 21 128
21 20 -256
22 20 0
24 23 256
23 22 -512
24 22 0
26 25 512
25 24 -1024
26 24 0
27 26 0
29 28 1024
28 27 -2048
29 27 0
30 29 0
32 31 2048
31 30 -4096
32 30 0
34 33 4096
33 32 -8192
34 32 0
35 34 0
37 36 8192
36 35 -16384
37 35 0
39 38 16384
38 37 -32768
39 37 0
40 39 0
42 41 32768
41 40 -65536
42 40 0
43 42 0
0 43 0
47
63
2 1 0
4 3 1
3 2 -2
4 2 0
5 4 0
7 6 2
6 5 -4
7 5 0
8 7 0
10 9 4
9 8 -8
10 8 0
11 10 0
13 12 8
12 11 -16
13 11 0
14 13 0
16 15 16
15 14 -32
16 14 0
18 17 32
17 16 -64
18 16 0
20 19 64
19 18 -128
20 18 0
21 20 0
23 22 128
22 21 -256
23 21 0
25 24 256
24 23 -512
25 23 0
26 25 0
28 27 512
27 26 -1024
28 26 0
29 28 0
31 30 1024
30 29 -2048
31 29 0
32 31 0
34 33 2048
33 32 -4096
34 32 0
35 34 0
37 36 4096
36 35 -8192
37 35 0
38 37 0
40 39 8192
39 38 -16384
40 38 0
42 41 16384
41 40 -32768
42 40 0
44 43 32768
43 42 -65536
44 42 0
46 45 65536
45 44 -131072
46 44 0
0 46 0
50
66
2 1 0
4 3 1
3 2 -2
4 2 0
5 4 0
7 6 2
6 5 -4
7 5 0
8 7 0
10 9 4
9 8 -8
10 8 0
12 11 8
11 10 -16
12 10 0
13 12 0
15 14 16
14 13 -32
15 13 0
16 15 0
18 17 32
17 16 -64
18 16 0
19 18 0
21 20 64
20 19 -128
21 19 0
22 21 0
24 23 128
23 22 -256
24 22 0
25 24 0
27 26 256
26 25 -512
27 25 0
28 27 0
30 29 512
29 28 -1024
30 28 0
31 30 0
33 32 1024
32 31 -2048
33 31 0
34 33 0
36 35 2048
35 34 -4096
36 34 0
38 37 4096
37 36 -8192
38 36 0
40 39 8192
39 38 -16384
40 38 0
42 41 16384
41 40 -32768
42 40 0
43 42 0
45 44 32768
44 43 -65536
45 43 0
46 45 0
48 47 65536
47 46 -131072
48 46 0
49 48 0
0 49 0
45
61
3 2 1
2 1 -2
3 1 0
4 3 0
6 5 2
5 4 -4
6 4 0
8 7 4
7 6 -8
8 6 0
9 8 0
11 10 8
10 9 -16
11 9 0
13 12 16
12 11 -32
13 11 0
15 14 32
14 13 -64
15 13 0
17 16 64
16 15 -128
17 15 0
18 17 0
20 19 128
19 18 -256
20 18 0
22 21 256
21 20 -512
22 20 0
23 22 0
25 24 512
24 23 -1024
25 23 0
27 26 1024
26 25 -2048
27 25 0
28 27 0
30 29 2048
29 28 -4096
30 28 0
31 30 0
33 32 4096
32 31 -8192
33 31 0
35 34 8192
34 33 -16384
35 33 0
36 35 0
38 37 16384
37 36 -32768
38 36 0
39 38 0
41 40 32768
40 39 -65536
41 39 0
43 42 65536
42 41 -131072
43 41 0
44 43 0
0 44 0
48
64
2 1 0
4 3 1
3 2 -2
4 2 0
6 5 2
5 4 -4
6 4 0
7 6 0
9 8 4
8 7 -8
9 7 0
11 10 8
10 9 -16
11 9 0
13 12 16
12 11 -32
13 11 0
14 13 0
16 15 32
15 14 -64
16 14 0
17 16 0
19 18 64
18 17 -128
19 17 0
21 20 128
20 19 -256
21 19 0
23 22 256
22 21 -512
23 21 0
24 23 0
26 25 512
25 24 -1024
26 24 0
27 26 0
29 28 1024
28 27 -2048
29 27 0
30 29 0
32 31 2048
31 30 -4096
32 30 0
33 32 0
35 34 4096
34 33 -8192
35 33 0
36 35 0
38 37 8192
37 36 -16384
38 36 0
40 39 16384
39 38 -32768
40 38 0
41 40 0
43 42 32768
42 41 -65536
43 41 0
44 43 0
46 45 65536
45 44 -131072
46 44 0
47 46 0
0 47 0
44
59
2 1 0
3 2 0
5 4 1
4 3 -2
5 3 0
7 6 2
6 5 -4
7 5 0
8 7 0
10 9 4
9 8 -8
10 8 0
11 10 0
13 12 8
12 11 -16
13 11 0
15 14 16
14 13 -32
15 13 0
17 16 32
16 15 -64
17 15 0
18 17 0
20 19 64
19 18 -128
20 18 0
21 20 0
23 22 128
22 21 -256
23 21 0
25 24 256
24 23 -512
25 23 0
27 26 512
26 25 -1024
27 25 0
29 28 1024
28 27 -2048
29 27 0
31 30 2048
30 29 -4096
31 29 0
33 32 4096
32 31 -8192
33 31 0
34 33 0
36 35 8192
35 34 -16384
36 34 0
37 36 0
39 38 16384
38 37 -32768
39 37 0
40 39 0
42 41 32768
41 40 -65536
42 40 0
43 42 0
0 43 0
39
53
2 1 0
4 3 1
3 2 -2
4 2 0
6 5 2
5 4 -4
6 4 0
8 7 4
7 6 -8
8 6 0
10 9 8
9 8 -16
10 8 0
11 10 0
13 12 16
12 11 -32
13 11 0
14 13 0
16 15 32
15 14 -64
16 14 0
17 16 0
19 18 64
18 17 -128
19 17 0
21 20 128
20 19 -256
21 19 0
22 21 0
24 23 256
23 22 -512
24 22 0
25 24 0
27 26 512
26 25 -1024
27 25 0
28 27 0
30 29 1024
29 28 -2048
30 28 0
32 31 2048
31 30 -4096
32 30 0
34 33 4096
33 32 -8192
34 32 0
36 35 8192
35 34 -16384
36 34 0
38 37 16384
37 36 -32768
38 36 0
0 38 0
42
58
2 1 0
3 2 0
5 4 1
4 3 -2
5 3 0
7 6 2
6 5 -4
7 5 0
8 7 0
10 9 4
9 8 -8
10 8 0
12 11 8
11 10 -16
12 10 0
14 13 16
13 12 -32
14 12 0
16 15 32
15 14 -64
16 14 0
18 17 64
17 16 -128
18 16 0
20 19 128
19 18 -256
20 18 0
22 21 256
21 20 -512
22 20 0
24 23 512
23 22 -1024
24 22 0
26 25 1024
25 24 -2048
26 24 0
27 26 0
29 28 2048
28 27 -4096
29 27 0
31 30 4096
30 29 -8192
31 29 0
33 32 8192
32 31 -16384
33 31 0
35 34 16384
34 33 -32768
35 33 0
37 36 32768
36 35 -65536
37 35 0
38 37 0
40 39 65536
39 38 -131072
40 38 0
41 40 0
0 41 0
45
61
3 2 1
2 1 -2
3 1 0
4 3 0
6 5 2
5 4 -4
6 4 0
7 6 0
9 8 4
8 7 -8
9 7 0
11 10 8
10 9 -16
11 9 0
13 12 16
12 11 -32
13 11 0
15 14 32
14 13 -64
15 13 0
17 16 64
16 15 -128
17 15 0
19 18 128
18 17 -256
19 17 0
20 19 0
22 21 256
21 20 -512
22 20 0
23 22 0
25 24 512
24 23 -1024
25 23 0
27 26 1024
26 25 -2048
27 25 0
29 28 2048
28 27 -4096
29 27 0
30 29 0
32 31 4096
31 30 -8192
32 30 0
33 32 0
35 34 8192
34 33 -16384
35 33 0
37 36 16384
36 35 -32768
37 35 0
38 37 0
40 39 32768
39 38 -65536
40 38 0
41 40 0
43 42 65536
42 41 -131072
43 41 0
44 43 0
0 44 0
50
67
3 2 1
2 1 -2
3 1 0
5 4 2
4 3 -4
5 3 0
7 6 4
6 5 -8
7 5 0
8 7 0
10 9 8
9 8 -16
10 8 0
11 10 0
13 12 16
12 11 -32
13 11 0
14 13 0
16 15 32
15 14 -64
16 14 0
17 16 0
19 18 64
18 17 -128
19 17 0
20 19 0
22 21 128
21 20 -256
22 20 0
23 22 0
25 24 256
24 23 -512
25 23 0
26 25 0
28 27 512
27 26 -1024
28 26 0
30 29 1024
29 28 -2048
30 28 0
32 31 2048
31 30 -4096
32 30 0
33 32 0
35 34 4096
34 33 -8192
35 33 0
37 36 8192
36 35 -16384
37 35 0
38 37 0
40 39 16384
39 38 -32768
40 38 0
41 40 0
43 42 32768
42 41 -65536
43 41 0
44 43 0
46 45 65536
45 44 -131072
46 44 0
48 47 131072
47 46 -262144
48 46 0
49 48 0
0 49 0
57
77
3 2 1
2 1 -2
3 1 0
5 4 2
4 3 -4
5 3 0
6 5 0
8 7 4
7 6 -8
8 6 0
10 9 8
9 8 -16
10 8 0
12 11 16
11 10 -32
12 10 0
13 12 0
15 14 32
14 13 -64
15 13 0
16 15 0
18 17 64
17 16 -128
18 16 0
20 19 128
19 18 -256
20 18 0
21 20 0
23 22 256
22 21 -512
23 21 0
24 23 0
26 25 512
25 24 -1024
26 24 0
27 26 0
29 28 1024
28 27 -2048
29 27 0
30 29 0
32 31 2048
31 30 -4096
32 30 0
33 32 0
35 34 4096
34 33 -8192
35 33 0
37 36 8192
36 35 -16384
37 35 0
39 38 16384
38 37 -32768
39 37 0
41 40 32768
40 39 -65536
41 39 0
43 42 65536
42 41 -131072
43 41 0
44 43 0
46 45 131072
45 44 -262144
46 44 0
47 46 0
49 48 262144
48 47 -524288
49 47 0
50 49 0
52 51 524288
51 50 -1048576
52 50 0
53 52 0
55 54 1048576
54 53 -2097152
55 53 0
56 55 0
0 56 0
55
75
3 2 1
2 1 -2
3 1 0
5 4 2
4 3 -4
5 3 0
7 6 4
6 5 -8
7 5 0
8 7 0
10 9 8
9 8 -16
10 8 0
11 10 0
13 12 16
12 11 -32
13 11 0
15 14 32
14 13 -64
15 13 0
16 15 0
18 17 64
17 16 -128
18 16 0
19 18 0
21 20 128
20 19 -256
21 19 0
23 22 256
22 21 -512
23 21 0
25 24 512
24 23 -1024
25 23 0
26 25 0
28 27 1024
27 26 -2048
28 26 0
30 29 2048
29 28 -4096
30 28 0
32 31 4096
31 30 -8192
32 30 0
33 32 0
35 34 8192
34 33 -16384
35 33 0
36 35 0
38 37 16384
37 36 -32768
38 36 0
39 38 0
41 40 32768
40 39 -65536
41 39 0
42 41 0
44 43 65536
43 42 -131072
44 42 0
46 45 131072
45 44 -262144
46 44 0
47 46 0
49 48 262144
48 47 -524288
49 47 0
51 50 524288
50 49 -1048576
51 49 0
52 51 0
54 53 1048576
53 52 -2097152
54 52 0
0 54 0
54
73
2 1 0
4 3 1
3 2 -2
4 2 0
6 5 2
5 4 -4
6 4 0
8 7 4
7 6 -8
8 6 0
10 9 8
9 8 -16
10 8 0
11 10 0
13 12 16
12 11 -32
13 11 0
15 14 32
14 13 -64
15 13 0
16 15 0
18 17 64
17 16 -128
18 16 0
19 18 0
21 20 128
20 19 -256
21 19 0
23 22 256
22 21 -512
23 21 0
24 23 0
26 25 512
25 24 -1024
26 24 0
27 26 0
29 28 1024
28 27 -2048
29 27 0
30 29 0
32 31 2048
31 30 -4096
32 30 0
34 33 4096
33 32 -8192
34 32 0
36 35 8192
35 34 -16384
36 34 0
38 37 16384
37 36 -32768
38 36 0
39 38 0
41 40 32768
40 39 -65536
41 39 0
42 41 0
44 43 65536
43 42 -131072
44 42 0
46 45 131072
45 44 -262144
46 44 0
47 46 0
49 48 262144
48 47 -524288
49 47 0
50 49 0
52 51 524288
51 50 -1048576
52 50 0
53 52 0
0 53 0
52
71
2 1 0
4 3 1
3 2 -2
4 2 0
5 4 0
7 6 2
6 5 -4
7 5 0
8 7 0
10 9 4
9 8 -8
10 8 0
12 11 8
11 10 -16
12 10 0
14 13 16
13 12 -32
14 12 0
16 15 32
15 14 -64
16 14 0
17 16 0
19 18 64
18 17 -128
19 17 0
21 20 128
20 19 -256
21 19 0
22 21 0
24 23 256
23 22 -512
24 22 0
25 24 0
27 26 512
26 25 -1024
27 25 0
29 28 1024
28 27 -2048
29 27 0
31 30 2048
30 29 -4096
31 29 0
33 32 4096
32 31 -8192
33 31 0
35 34 8192
34 33 -16384
35 33 0
36 35 0
38 37 16384
37 36 -32768
38 36 0
39 38 0
41 40 32768
40 39 -65536
41 39 0
43 42 65536
42 41 -131072
43 41 0
45 44 131072
44 43 -262144
45 43 0
46 45 0
48 47 262144
47 46 -524288
48 46 0
49 48 0
51 50 524288
50 49 -1048576
51 49 0
0 51 0
47
65
3 2 1
2 1 -2
3 1 0
5 4 2
4 3 -4
5 3 0
7 6 4
6 5 -8
7 5 0
9 8 8
8 7 -16
9 7 0
11 10 16
10 9 -32
11 9 0
12 11 0
14 13 32
13 12 -64
14 12 0
16 15 64
15 14 -128
16 14 0
18 17 128
17 16 -256
18 16 0
19 18 0
21 20 256
20 19 -512
21 19 0
23 22 512
22 21 -1024
23 21 0
24 23 0
26 25 1024
25 24 -2048
26 24 0
28 27 2048
27 26 -4096
28 26 0
30 29 4096
29 28 -8192
30 28 0
31 30 0
33 32 8192
32 31 -16384
33 31 0
35 34 16384
34 33 -32768
35 33 0
37 36 32768
36 35 -65536
37 35 0
38 37 0
40 39 65536
39 38 -131072
40 38 0
42 41 131072
41 40 -262144
42 40 0
43 42 0
45 44 262144
44 43 -524288
45 43 0
46 45 0
0 46 0
55
73
2 1 0
3 2 0
5 4 1
4 3 -2
5 3 0
6 5 0
8 7 2
7 6 -4
8 6 0
9 8 0
11 10 4
10 9 -8
11 9 0
12 11 0
14 13 8
13 12 -16
14 12 0
16 15 16
15 14 -32
16 14 0
17 16 0
19 18 32
18 17 -64
19 17 0
20 19 0
22 21 64
21 20 -128
22 20 0
24 23 128
23 22 -256
24 22 0
26 25 256
25 24 -512
26 24 0
28 27 512
27 26 -1024
28 26 0
29 28 0
31 30 1024
30 29 -2048
31 29 0
33 32 2048
32 31 -4096
33 31 0
34 33 0
36 35 4096
35 34 -8192
36 34 0
37 36 0
39 38 8192
38 37 -16384
39 37 0
40 39 0
42 41 16384
41 40 -32768
42 40 0
43 42 0
45 44 32768
44 43 -65536
45 43 0
46 45 0
48 47 65536
47 46 -131072
48 46 0
49 48 0
51 50 131072
50 49 -262144
51 49 0
52 51 0
54 53 262144
53 52 -524288
54 52 0
0 54 0
53
73
3 2 1
2 1 -2
3 1 0
5 4 2
4 3 -4
5 3 0
7 6 4
6 5 -8
7 5 0
8 7 0
10 9 8
9 8 -16
10 8 0
12 11 16
11 10 -32
12 10 0
14 13 32
13 12 -64
14 12 0
15 14 0
17 16 64
16 15 -128
17 15 0
19 18 128
18 17 -256
19 17 0
20 19 0
22 21 256
21 20 -512
22 20 0
23 22 0
25 24 512
24 23 -1024
25 23 0
26 25 0
28 27 1024
27 26 -2048
28 26 0
29 28 0
31 30 2048
30 29 -4096
31 29 0
32 31 0
34 33 4096
33 32 -8192
34 32 0
36 35 8192
35 34 -16384
36 34 0
37 36 0
39 38 16384
38 37 -32768
39 37 0
41 40 32768
40 39 -65536
41 39 0
43 42 65536
42 41 -131072
43 41 0
44 43 0
46 45 131072
45 44 -262144
46 44 0
48 47 262144
47 46 -524288
48 46 0
50 49 524288
49 48 -1048576
50 48 0
52 51 1048576
51 50 -2097152
52 50 0
0 52 0
48
66
2 1 0
3 2 0
5 4 1
4 3 -2
5 3 0
7 6 2
6 5 -4
7 5 0
9 8 4
8 7 -8
9 7 0
11 10 8
10 9 -16
11 9 0
13 12 16
12 11 -32
13 11 0
14 13 0
16 15 32
15 14 -64
16 14 0
18 17 64
17 16 -128
18 16 0
19 18 0
21 20 128
20 19 -256
21 19 0
23 22 256
22 21 -512
23 21 0
24 23 0
26 25 512
25 24 -1024
26 24 0
28 27 1024
27 26 -2048
28 26 0
29 28 0
31 30 2048
30 29 -4096
31 29 0
33 32 4096
32 31 -8192
33 31 0
34 33 0
36 35 8192
35 34 -16384
36 34 0
38 37 16384
37 36 -32768
38 36 0
39 38 0
41 40 32768
40 39 -65536
41 39 0
43 42 65536
42 41 -131072
43 41 0
45 44 131072
44 43 -262144
45 43 0
47 46 262144
46 45 -524288
47 45 0
0 47 0
55
75
3 2 1
2 1 -2
3 1 0
5 4 2
4 3 -4
5 3 0
6 5 0
8 7 4
7 6 -8
8 6 0
9 8 0
11 10 8
10 9 -16
11 9 0
13 12 16
12 11 -32
13 11 0
15 14 32
14 13 -64
15 13 0
17 16 64
16 15 -128
17 15 0
19 18 128
18 17 -256
19 17 0
20 19 0
22 21 256
21 20 -512
22 20 0
24 23 512
23 22 -1024
24 22 0
26 25 1024
25 24 -2048
26 24 0
27 26 0
29 28 2048
28 27 -4096
29 27 0
31 30 4096
30 29 -8192
31 29 0
32 31 0
34 33 8192
33 32 -16384
34 32 0
36 35 16384
35 34 -32768
36 34 0
38 37 32768
37 36 -65536
38 36 0
39 38 0
41 40 65536
40 39 -131072
41 39 0
42 41 0
44 43 131072
43 42 -262144
44 42 0
45 44 0
47 46 262144
46 45 -524288
47 45 0
48 47 0
50 49 524288
49 48 -1048576
50 48 0
51 50 0
53 52 1048576
52 51 -2097152
53 51 0
54 53 0
0 54 0
53
73
2 1 0
4 3 1
3 2 -2
4 2 0
5 4 0
7 6 2
6 5 -4
7 5 0
8 7 0
10 9 4
9 8 -8
10 8 0
12 11 8
11 10 -16
12 10 0
14 13 16
13 12 -32
14 12 0
16 15 32
15 14 -64
16 14 0
17 16 0
19 18 64
18 17 -128
19 17 0
21 20 128
20 19 -256
21 19 0
23 22 256
22 21 -512
23 21 0
24 23 0
26 25 512
25 24 -1024
26 24 0
28 27 1024
27 26 -2048
28 26 0
29 28 0
31 30 2048
30 29 -4096
31 29 0
32 31 0
34 33 4096
33 32 -8192
34 32 0
36 35 8192
35 34 -16384
36 34 0
37 36 0
39 38 16384
38 37 -32768
39 37 0
41 40 32768
40 39 -65536
41 39 0
43 42 65536
42 41 -131072
43 41 0
45 44 131072
44 43 -262144
45 43 0
47 46 262144
46 45 -524288
47 45 0
49 48 524288
48 47 -1048576
49 47 0
51 50 1048576
50 49 -2097152
51 49 0
52 51 0
0 52 0
