Case #1:
0
0
0
0
1
Case #2:
1
1
0
0
2
0
2
0
0
0
0
0
Case #3:
0
0
0
0
0
0
0
0
0
0
0
0
0
0
Case #4:
5
0
3
0
0
3
1
3
2
0
0
0
2
0
0
Case #5:
0
0
0
0
1
Case #6:
0
1
0
2
0
5
0
2
2
0
1
0
3
1
1
Case #7:
0
0
0
0
0
0
0
0
0
0
Case #8:
0
1
1
0
0
0
0
Case #9:
0
2
5
1
0
1
1
1
1
1
2
0
0
3
0
Case #10:
0
3
0
2
2
0
0
0
0
0
4
0
0
3
1
Case #11:
1
0
3
0
0
0
1
0
1
0
0
1
Case #12:
0
0
0
0
0
0
0
0
0
Case #13:
0
0
0
0
0
0
0
0
0
Case #14:
0
5
3
0
0
1
3
0
2
1
0
0
1
1
2
Case #15:
3
0
1
0
1
0
0
0
2
1
Case #16:
1
1
1
1
0
4
0
1
0
0
3
3
0
1
0
Case #17:
0
0
0
0
0
3
0
0
0
0
0
0
Case #18:
0
Case #19:
0
0
0
3
2
0
0
1
1
0
1
0
Case #20:
1
1
0
0
1
0
0
Case #21:
0
0
0
0
0
0
0
0
0
0
0
0
0
0
0
Case #22:
0
0
0
2
4
4
0
1
1
0
1
1
0
1
0
Case #23:
0
0
0
0
Case #24:
0
0
0
Case #25:
4
2
0
0
0
1
2
2
0
1
0
1
4
0
1
Case #26:
0
0
0
0
0
0
0
0
0
0
0
0
Case #27:
0
1
0
0
0
0
4
1
1
2
4
0
3
2
2
Case #28:
0
1
1
0
2
0
0
0
3
3
0
0
2
3
0
Case #29:
0
0
0
0
Case #30:
1
0
0
0
0
0
Case #31:
1
0
1
0
0
0
0
1
0
Case #32:
1
3
0
0
4
0
1
0
0
1
0
0
5
0
0
Case #33:
0
0
0
0
Case #34:
0
0
0
1
0
Case #35:
0
0
0
0
0
0
0
0
0
0
0
0
0
Case #36:
0
0
Case #37:
0
1
4
2
2
2
0
2
0
1
0
1
0
2
0
Case #38:
0
0
0
0
0
Case #39:
0
0
0
0
0
0
0
Case #40:
2
0
0
2
2
4
3
0
0
0
0
1
1
0
Case #41:
0
0
0
0
0
Case #42:
0
0
0
0
0
Case #43:
0
1
2
1
3
2
0
0
2
0
3
0
1
1
2
Case #44:
0
0
0
Case #45:
0
0
0
0
0
0
0
0
0
0
0
0
0
0
Case #46:
0
0
0
0
0
Case #47:
0
0
0
1
0
0
0
0
Case #48:
0
1
0
0
0
0
2
3
3
1
1
2
0
0
5
Case #49:
2
0
0
0
4
0
0
0
0
0
1
Case #50:
0
1
0
0
1
2
3
0
1
0
2
0
2
0
0
Case #51:
0
0
0
0
2
0
0
0
Case #52:
0
0
0
0
0
0
0
0
0
Case #53:
0
0
0
1
0
Case #54:
0
0
0
Case #55:
0
0
0
0
0
0
Case #56:
3
5
2
0
2
0
1
0
0
4
0
2
0
0
0
Case #57:
1
3
0
5
0
0
0
0
0
5
3
0
0
2
0
Case #58:
0
Case #59:
0
1
0
0
1
0
0
0
Case #60:
3
3
0
3
1
5
0
0
0
1
0
3
2
0
0
Case #61:
0
0
0
0
0
0
0
0
0
0
0
Case #62:
0
5
0
0
0
2
0
0
0
0
2
3
0
3
0
Case #63:
0
0
0
0
1
0
3
3
2
0
0
0
0
0
Case #64:
0
0
0
0
0
0
0
0
0
0
0
0
0
0
Case #65:
0
5
1
0
0
2
1
0
1
2
0
3
5
0
0
Case #66:
0
0
1
0
0
0
1
0
3
0
Case #67:
0
0
0
2
2
0
0
1
Case #68:
0
0
0
1
0
0
Case #69:
2
0
0
0
0
0
0
4
0
1
0
0
0
Case #70:
0
0
1
0
0
0
0
1
0
0
0
1
0
Case #71:
0
0
Case #72:
5
0
0
0
1
0
0
0
0
4
0
0
0
2
0
Case #73:
0
1
1
3
3
0
2
0
0
1
0
3
0
0
1
Case #74:
1
0
0
2
0
1
0
0
2
0
2
0
1
0
3
Case #75:
0
0
0
0
0
0
0
0
0
0
0
0
Case #76:
0
2
0
1
1
2
3
0
1
0
0
Case #77:
0
0
0
0
Case #78:
0
1
3
2
0
2
1
3
0
0
0
0
0
1
5
Case #79:
0
0
0
0
0
0
0
0
0
0
Case #80:
0
0
0
Case #81:
1
1
0
0
0
0
0
2
0
1
0
1
4
1
0
Case #82:
0
5
2
0
0
1
0
2
0
2
2
0
3
1
0
Case #83:
1
0
0
0
0
0
1
0
0
3
0
1
Case #84:
0
Case #85:
0
0
0
0
0
1
3
0
0
1
Case #86:
0
0
1
0
1
0
0
Case #87:
3
0
3
0
0
0
1
3
5
0
0
0
0
0
1
Case #88:
0
0
0
0
0
Case #89:
0
0
0
0
0
0
0
1
0
0
Case #90:
0
0
Case #91:
1
0
0
0
0
0
1
Case #92:
3
0
0
0
1
0
2
5
3
1
0
0
2
0
1
Case #93:
0
0
0
0
Case #94:
0
0
Case #95:
0
0
0
Case #96:
2
0
0
0
1
2
2
1
0
0
0
2
Case #97:
0
0
0
0
0
0
0
0
0
Case #98:
1
2
0
0
1
1
0
0
Case #99:
0
0
0
0
0
0
0
0
0
0
0
0
Case #100:
1
0
0
0
2
0
0
0
