Case #1: 19 20
Case #2: 023 023
Case #3: 0 0
Case #4: 05 00
Case #5: 600000000008000860 399619519892420999
Case #6: 06909996999196919 10010406040906060
Case #7: 1407236030320865 1406879799919999
Case #8: 999999999999999999 999999999999999999
Case #9: 09000500090500090 05959999909095959
Case #10: 05999690919994969 06050101090506060
Case #11: 8200430050500080 8200426994442099
Case #12: 098003908092092002 093998992998993998
Case #13: 012345678999999999 012345679876543210
Case #14: 11010109000001090 09909991909991919
Case #15: 000000000000000005 000000000000000009
Case #16: 10090000000000000 09909090909099909
Case #17: 439799999550929999 440100531948280700
Case #18: 92800000700 89429198329
Case #19: 999999999999999999 999999999999999999
Case #20: 000000000000000000 000000000000000000
Case #21: 990000909000908093 909999990999993998
Case #22: 000000000000000000 000000000000000000
Case #23: 099999999999999999 909090909090909090
Case #24: 00099 00500
Case #25: 909090909090909095 909090909090909095
Case #26: 900000000000000009 900000000000000009
Case #27: 10000000000009000 09909090909090909
Case #28: 050 009
Case #29: 05090501060506090 04999090999095959
Case #30: 099999999999999999 099999999999999999
Case #31: 444065545544966495 444065545546500400
Case #32: 00099999999099909 00100009000909090
Case #33: 00959595999990959 05050009050909090
Case #34: 550550505050005000 550509559590905999
Case #35: 0501050000 0219399982
Case #36: 005900050955999990 050500005000000000
Case #37: 000000000000000005 000000000000000005
Case #38: 900000000000000005 900000000000000005
Case #39: 308919999929999099 310065000080601909
Case #40: 199019949499999114 904090901600606060
Case #41: 039 080
Case #42: 88 93
Case #43: 72700400500510 72700299999759
Case #44: 10090909090009090 09909099909099999
Case #45: 900009900000090909 900009900000090909
Case #46: 01919599969199999 04050401010500000
Case #47: 009109091190000019 009109090019000099
Case #48: 606465660064450060 606459599594494959
Case #49: 455540544500400560 449996994946595999
Case #50: 505049999599656999 505064540000566650
Case #51: 0605194750 0603751480
Case #52: 63732534679192 63758000008000
Case #53: 5 5
Case #54: 099999999999999999 099999999999999999
Case #55: 999999999999999990 999999999999999999
Case #56: 0126560643800144 0126560643800144
Case #57: 000000000000000009 000000000000000010
Case #58: 909090909090909090 909090909090909090
Case #59: 601005002 601004999
Case #60: 05000595909595909 05001005000000000
Case #61: 00939499989796999 02040301040100070
Case #62: 099999999999999999 099999999999999995
Case #63: 8600370 8600370
Case #64: 900000000000000000 900000000000000000
Case #65: 999999999999999999 999999999999999999
Case #66: 999999999999999999 999999999999999999
Case #67: 099099999999990999 100000000000900900
Case #68: 999999999999999999 099999999999999999
Case #69: 000000000000000000 000000000000000000
Case #70: 9 9
Case #71: 0990991990693949 7000121301122200
Case #72: 099999999999999999 099999999999999999
Case #73: 100519991990991991 100905000001900005
Case #74: 05050505050404060 04969695959496949
Case #75: 070 029
Case #76: 000000000000000010 000000000000000009
Case #77: 4979999 8049002
Case #78: 909090909090909090 909090909090909090
Case #79: 306305077800073000 091292959579926979
Case #80: 808695005080 808695005080
Case #81: 999999999999999999 999999999999999999
Case #82: 000000000000000009 000000000000000005
Case #83: 999999999999999999 999999999999999999
Case #84: 060 019
Case #85: 696999 700500
Case #86: 045312799719391399 045321052707051000
Case #87: 09999991909091909 11090000000909090
Case #88: 100000000000000000 099999999999999999
Case #89: 999999999999999999 999999999999999990
Case #90: 10 05
Case #91: 800499959909729099 800700223800070703
Case #92: 09080105020704090 06939891909295929
Case #93: 93 88
Case #94: 055242998999499559 055247000506300005
Case #95: 00000500050005050 00000095909095959
Case #96: 03959496989097909 06030503030901060
Case #97: 10440000 10193999
Case #98: 00090505090905050 00059599999995909
Case #99: 055995559955990999 059000090059005000
Case #100: 099101990009109000 099101919990990099
Case #101: 00 00
Case #102: 100999999990991091 101100000900909190
Case #103: 7401699 6939999
Case #104: 940069949994090190 940500006459500060
Case #105: 999999999999999999 999999999999999999
Case #106: 06939594909892929 08020700090305010
Case #107: 090 049
Case #108: 10090000000009090 09999090909990909
Case #109: 999999999999999999 999999999999999999
Case #110: 900000000000000009 900000000000000009
Case #111: 055990995050599955 100500000000500500
Case #112: 099999999999999999 100000000000000000
Case #113: 06919199969995949 09090905050000010
Case #114: 001000909009999909 001001110001909009
Case #115: 009 050
Case #116: 000000000000000005 000000000000000005
Case #117: 39206000 03951979
Case #118: 000000000000000005 000000000000000000
Case #119: 497923979130949329 500000154297053000
Case #120: 021900010009009000 019199919910999991
Case #121: 089809000640008 053991994799999
Case #122: 099999999999999995 099999999999999999
Case #123: 999999999999999999 999999999999999995
Case #124: 050559995959999599 590555000000099055
Case #125: 005900500000000000 005599999990999595
Case #126: 987654321000000000 987654320123456789
Case #127: 909090909090909090 909090909090909090
Case #128: 810660006800063074 509999977497167357
Case #129: 200905185 200895919
Case #130: 545 512
Case #131: 550055054959599955 550055055000005500
Case #132: 06050404060405060 04969495949695949
Case #133: 099999999999999999 099999999999999999
Case #134: 050000500550500005 050000500550005599
Case #135: 909090909090909090 099999999999999999
Case #136: 400010561499909001 400010900900901100
Case #137: 900000000000000000 900000000000000000
Case #138: 0 0
Case #139: 406800090319 406800090580
Case #140: 064989493956089980 803780043780820770
Case #141: 9 9
Case #142: 999999999999999995 999999999999999999
Case #143: 51573569999 51573570879
Case #144: 406554499969994996 406554540454565040
Case #145: 09909191919090909 10010009000000090
Case #146: 05919696949798999 09050506080601030
Case #147: 999999999999999999 999999999999999999
Case #148: 100099021059000807 099990679191999990
Case #149: 040161994956999099 040194060969000510
Case #150: 080 039
Case #151: 00909595909090959 05000005050005000
Case #152: 00500 00099
Case #153: 93693 96007
Case #154: 049 090
Case #155: 000990000554999599 000990000555000099
Case #156: 908999009909909999 909000900900990090
Case #157: 05 10
Case #158: 000089999999999999 000090000090090900
Case #159: 999009990900009109 999009990900009099
Case #160: 09509234 60003940
Case #161: 09999190919099919 11010109090009090
Case #162: 909090909090909095 909090909090909095
Case #163: 602043300000000500 602041969559979919
Case #164: 000000000000000009 000000000000000009
Case #165: 909959909005000900 909959905999990999
Case #166: 019 060
Case #167: 999999999999999999 999999999999999999
Case #168: 029 070
Case #169: 10000500000909090 05999599909999999
Case #170: 900000000000000005 900000000000000005
Case #171: 08519390109224 08562000150590
Case #172: 09000905050505000 05959590959990999
Case #173: 772207024099296999 772207024400020092
Case #174: 06040606060506040 06040596949695959
Case #175: 987654321000000000 987654319876543210
Case #176: 099999999999999999 900000000000000000
Case #177: 00100000050000000 00059590909090959
Case #178: 099999999999999999 999999999999999999
Case #179: 5100 2474
Case #180: 00 05
Case #181: 000000000000000009 000000000000000009
Case #182: 909090909090909090 909090909090909090
Case #183: 0 0
Case #184: 909090909090909099 909090909090909099
Case #185: 900000000000000000 099999999999999999
Case #186: 909090909090909099 909090909090909099
Case #187: 06060504040506040 04969596969594969
Case #188: 497397997809939999 500760401600727100
Case #189: 000000000000000000 000000000000000005
Case #190: 5 5
Case #191: 966801901500050015 966801791998410999
Case #192: 7000024503766200 7000009996899997
Case #193: 012345678999999999 012345680123456789
Case #194: 00091101090100010 00090991999991919
Case #195: 60069999994945919 60080001730548002
Case #196: 999999999999999999 999999999999999999
Case #197: 999999999999999999 999999999999999999
Case #198: 00050005000505050 00009590909590909
Case #199: 06060604040405040 04959594949596959
Case #200: 60050708040 59999999299
