Case #1: CAB
Case #2: MJA
Case #3: OCDE
Case #4: BBAAA
Case #5: CCCABBBAB
Case #6: CCCBAABAB
Case #7: ZXCASDQWE
Case #8: CCCCCBBBBBAAAAA
Case #9: MMAKJIGEBACDFHL
Case #10: CCCCCABBABBABBB
Case #11: CCCCCCCCCBBBBBB
Case #12: CCCCCABBABBBAAA
Case #13: CCCCCBBBBBAAAAA
Case #14: CCCCBBAABBBABAA
Case #15: CBA
Case #16: BA
Case #17: BBBBBAAAAAAAA
Case #18: YXXRMJSMMHFRGJT
Case #19: DDDCBBBAABCCA
Case #20: BAAA
Case #21: CCCCCBBBBBAAAAA
Case #22: A
Case #23: BBA
Case #24: DCBABCAACBBAB
Case #25: CCCCBBBAAAAABAB
Case #26: CCBBAAABABBAABA
Case #27: BA
Case #28: CCCCCBABAAAABBA
Case #29: ZDCBA
Case #30: DCCBBBBBBBAAAB
Case #31: CBA
Case #32: DCBBBBAAAAABA
Case #33: CBAAAAAAAAAAA
Case #34: OMJCBAFIHDKLENG
Case #35: ZACBA
Case #36: MMHGDCALKJIFEBA
Case #37: MMAKGDBACEFHIJL
Case #38: CBA
Case #39: ZZSBBHXVHGTQGLV
Case #40: OINFJCMHGLEDKBA
Case #41: ZAYBXCWDUE
Case #42: CCCCCBBBBBAAAAA
Case #43: AAA
Case #44: OJFEDCBAHIGLMNK
Case #45: CCCCCBBBBBAAAAA
Case #46: Z
Case #47: CAB
Case #48: BAAA
Case #49: BB
Case #50: CCCCCBBBBBAAAAA
Case #51: BAAA
Case #52: RRBAACADABA
Case #53: CCCCBBBAAABABAA
Case #54: YYVVDLRGFNWLMGX
Case #55: CCCBBBBBBBAAABB
Case #56: ZAAAA
Case #57: CCCCBBBAABABAAB
Case #58: BAA
Case #59: CCCCCBBABABBBAA
Case #60: BAAA
Case #61: CBBAAAAAAAABA
Case #62: CCCCBBABABBABBA
Case #63: ONJABDLIHEKFMGC
Case #64: CBA
Case #65: MMJGFDALKIHECBA
Case #66: ZDABC
Case #67: MMGFEDBAALKJIHC
Case #68: CCCCCBBBBBAAAAA
Case #69: OIGCKJMHFNEDLBA
Case #70: CBBAABBBABBAA
Case #71: CCCCCCCBAABAABA
Case #72: CCCCBAABBAAAAAB
Case #73: BAA
Case #74: YYYRNLDMHKFHRVN
Case #75: ZABCD
Case #76: CCCAABAAABBBAAA
Case #77: ONMLJHBAECFIGKD
Case #78: CCCCCAAABABAABB
Case #79: OMNKALJEGDIFHBC
Case #80: ZZXPLJSFQNXLFMP
Case #81: BAA
Case #82: OMNLKJHIGFDECBA
Case #83: BBA
Case #84: CCCCCBBABBAABAA
Case #85: BBB
Case #86: ONACDEGHIJKLBFM
Case #87: CCCCCBBBBBAAAAA
Case #88: AA
Case #89: CCCBBBBBAAAAA
Case #90: BBA
Case #91: ZADBC
Case #92: MMLAKGDABCEFHIJ
Case #93: ZEDCBAYXWU
Case #94: CCCCCCBABAAAAAB
Case #95: CCCCCCCCCBAABAA
Case #96: ZABYCXDWEU
Case #97: CCCCCCAAAAAAABA
Case #98: OBALMFIDGCEHJKN
Case #99: CBBBBBAAAAAAA
Case #100: DCCCBBBAAAABA
