Case #1: 4
Case #2: 1
Case #3: 1 2
Case #4: 2 9
Case #5: 89 22538 44987 67436 89885 112334 134783 157232 179681 202130 224579 247028 269477 291926 314375 336824 359273 381722 404171 426620 449069 471518 493967 516416 538865 561314 583763 606212 628660
Case #6: 795897 362928602 725061307 1087194012 1449326717 1811459422 2173592127 2535724832 2897857537 3259990242 3622122947 3984255652 4346388357 4708521062 5070653767 5432786472 5794919177 6157051882 6519175936
Case #7: 2 168 334 500 666 832 998 1164 1330 1496 1662 1828 1994 2160 2326 2492 2658 2824 2990 3156 3322 3488 3654 3820 3986 4152 4318 4484 4650 4816 4982 5148 5314 5480 5646 5812 5978 6144 6310 6476 6642
Case #8: 288230376151711744
Case #9: 426750934628477 192891422452071274 385356093969514071 577820765486956824
Case #10: 623749 57384866
Case #11: 6
Case #12: 1
Case #13: 42003526 19951674412 39861345298 59771016184 79680687070 99590357956 119500028842 139409699728 159319370614 179229041500 199138712386 219048383272 238958054158 258867200000
Case #14: 933666069237 421083397225518 841233128381799 1261382859538080 1681532590694361 2101682321847936
Case #15: 1
Case #16: 29754638671875
Case #17: 28
Case #18: 102030405060709 91011121314151618 181920212223242527 272829303132333436 363738394041424345 454647484950515254 545556575859606163 636465666768697072 727374757677787981 818283848586878890 909192939495969799 1000000000000000000
Case #19: 450761 169485786 338520811 507555836 676590861 845625886 1014660911 1183695936 1352730961 1521765986 1690801011 1859836036 2028871061 2197906086 2366941111 2535525376
Case #20: 137260754729766
Case #21: 2 198 394 590 786 982 1178 1374 1570 1766 1962 2158 2354 2550 2746 2942 3138 3334 3530 3726 3922 4118 4314 4510 4706 4902 5098 5294 5490 5686 5882 6078 6274 6470 6666 6862 7058 7254 7450 7646 7842 8038 8234 8430 8626 8822 9018 9214 9409
Case #22: 1
Case #23: 1
Case #24: 86863910191750 46993375413736310 93899886917280870 140806398420825430 187712909924369990 234619421418421875
Case #25: 27249053 3515127773 6975757441
Case #26: 12345679000000000
Case #27: 1235 56790
Case #28: 2 92 182 272 362 452 542 632 722 812 902 992 1082 1172 1262 1352 1442 1532 1622 1712 1802 1892
Case #29: 20 941 1862 2783 3704 4624
Case #30: 39955204 18738990244 37438025284 56137060324 74836095364 93535130404 112234165444 130933200484 149632235524 168331270564 187030305604 205729340644 224428375684 243087455521
Case #31: 173703464521690 102658747532318300 205143791600114910 307628835667911520 410113879735708130 512598923803504740
Case #32: 920521275490012
Case #33: 850415971613 653969882169693 1307089348367773 1960208814565853 2613328280763933 3266447746962013 3919567213160093 4572686679358173 5225806145556253 5878925611754333 6532045077952413 7185164544150493 7837433594376961
Case #34: 486959 187965814 375444669 562923524 750402379 937881234 1125360089 1312838944 1500317799 1687796654 1875275509 2062754364 2250233219 2437712074 2625190929 2812669704
Case #35: 2
Case #36: 2 106 210 314 418 522 626 730 834 938 1042 1146 1250 1354 1458 1562 1666 1770 1874 1978 2082 2186 2290 2394 2498 2601
Case #37: 2 46 90 134 178 222 266 310 354 398 441
Case #38: 7 64
Case #39: 1
Case #40: 195
Case #41: 1 2 3
Case #42: 94 25213 50332 75451 100570 125689 150808 175927 201046 226165 251284 276403 301522 326641 351760 376879 401998 427117 452236 477355 502474 527593 552712 577831 602950 628069 653188 678307 703426 728545 753571
Case #43: 10204 4050608 8091012 12131416 16171820 20212224 24252628 28293032 32333436 36373840 40414244 44454648 48495052 52535456 56575860 60616264 64656668 68697072 72737476 76777880 80818284 84858688 88899092 92939496 96979900
Case #44: 2 12
Case #45: 33 2826 5619 8412 11205 13998 16791 19584 22377 25170
Case #46: 1 2 3 4 5 6 7 8 9 10 11 12 13 14 15 16
Case #47: 2 204 406 608 810 1012 1214 1416 1618 1820 2022 2224 2426 2628 2830 3032 3234 3436 3638 3840 4042 4244 4446 4648 4850 5052 5254 5456 5658 5860 6062 6264 6466 6668 6870 7072 7274 7476 7678 7880 8082 8284 8486 8688 8890 9092 9294 9496 9698 9900
Case #48: 31525197391593472
Case #49: 76 16285 32494 48703 64912 81121 97330 113539 129748 145957 162166 178375 194584 210793 227002 243211 259420 275629 291838 308047 324256 340465 356674 372883 389017
Case #50: 1 2 3 4 5 6 7 8 9 10 11 12
Case #51: 1
Case #52: 60226582294 12707808863924 25352653573632
Case #53: 1
Case #54: 9804 3813384 7616964 11420544 15224124 19027704 22831284 26634864 30438444 34242024 38045604 41849184 45652764 49456344 53259924 57063504 60867084 64670664 68474244 72277824 76081404 79884984 83688564 87492144 91295624
Case #55: 274877906944
Case #56: 1
Case #57: 2 74 146 218 290 362 434 506 578 650 722 794 866 938 1010 1082 1154 1225
Case #58: 1 2 3 4 5 6 7 8 9 10 11 12 13 14 15 16 17 18 19 20 21 22 23 24 25 26 27 28 29 30 31 32 33 34 35 36 37 38 39 40 41 42 43 44 45 46 47 48 49 50 51 52 53 54 55
Case #59: 2 146 290 434 578 722 866 1010 1154 1298 1442 1586 1730 1874 2018 2162 2306 2450 2594 2738 2882 3026 3170 3314 3458 3602 3746 3890 4034 4178 4322 4466 4610 4754 4898 5041
Case #60: 8
Case #61: 18
Case #62: 1 2 3 4 5 6 7 8 9 10 11 12 13 14 15 16 17 18 19 20 21 22 23 24 25 26 27 28 29 30 31 32 33 34 35 36 37 38 39 40 41 42 43 44 45 46 47 48 49 50 51 52 53 54 55 56 57 58 59 60 61 62 63 64 65 66 67 68 69 70 71 72 73 74 75 76 77 78 79 80 81 82
Case #63: 146227530203136
Case #64: 20920706406
Case #65: 1527969081775104
Case #66: 2 170 338 506 674 842 1010 1178 1346 1514 1682 1850 2018 2186 2354 2522 2690 2858 3026 3194 3362 3530 3698 3866 4034 4202 4370 4538 4706 4874 5042 5210 5378 5546 5714 5882 6050 6218 6386 6554 6722 6889
Case #67: 95035324 25374431291 50653827258 75933223225 101212619192 126492013557
Case #68: 8304 406782
Case #69: 48622900 23971089244 47893555588 71816021932 95738488276 119660954620 143583420964 167505887308 191428353652 215350819996 239273286340 263195752684 287118219028 311040685371
Case #70: 63970747 15736803566 31409636385 47082469204 62755302023 78364164096
Case #71: 1 2 3 4 5 6 7 8 9 10 11 12 13 14 15 16 17 18 19 20 21 22 23 24 25 26 27 28 29 30 31 32 33 34 35 36 37 38 39 40 41 42 43 44 45 46 47 48 49 50 51 52 53 54 55 56 57 58 59 60 61 62 63 64 65 66 67 68 69 70 71 72 73 74 75 76 77 78 79 80 81 82 83 84 85 86 87 88 89 90 91 92 93 94 95 96 97 98 99 100
Case #72: 1
Case #73: 1
Case #74: 7846468
Case #75: 108387 25037192 49965997 74894802 99823607 124752412 149681217 174610022 199538827 224465326
Case #76: 1108099399 489779933966 978451768533 1467123603100 1955795437667 2444467272234 2933139106801 3421810941368 3910482775935 4398046511104
Case #77: 8223462376562 2360133702073129 4712043926295801
Case #78: 543450587048 387480268564576 774417086542104 1161353904519632 1548290722497160 1935227540474688 2322164358452216 2709101176429744 3096037994407272 3482974812384800 3869911630362328 4256842410000000
Case #79: 1
Case #80: 146177 37421082 74695987 111970892 149245797 186520702 223795607 261070512 298345417 335620322 372892416
Case #81: 9492676 3085119412 6160746148 9236372884 12311999620 15387626356 18463253092 21538879828 24614506564 27680640625
Case #82: 45435 7769240 15493045 23216850 30940655 38664460 46388265
Case #83: 1027 124163 247299 370435 493571 616707 739843 862978
Case #84: 1 2 3 4
Case #85: 3721389797 740556569486 1477391735877
Case #86: 1
Case #87: 26004757 5304970274 10583935791 15862901308 21141000000
Case #88: 585819 240771224 480956629 721142034 961327439 1201512844 1441698249 1681883654 1922069059 2162254464 2402439869 2642625274 2882810679 3122996084 3363181489 3603366894 3843552214
Case #89: 83339 17584344 35085349 52586354 70087359 87588364 105089369 122590374 140091334
Case #90: 1968615202302 478373494159265 952809757913927
Case #91: 58116 4939812 9821250
Case #92: 64176304 33949264324 67834352344 101719440364 135604528384 169489616404 203374704424 237259792444 271144880464 305029968484 338915056504 372800144524 406685232544 440570320564 474455408583
Case #93: 20766388 8244255676 16467744964 24691234252 32914723540 41138212828 49361702116 57585191404 65808680692 74032169980 82255659268 90458382169
Case #94: 414142459664 282031015030568 563647887601472 845264760172376 1126881632743280 1408498505314184 1690115377885088 1971732250455992 2253349123026896 2534965995597800 2816582868168616
Case #95: 9356836881317 5904164072110478 11798971307339639 17693778542568800 23588585777797961 29483393013027122 35378200248256283 41273007483485443
Case #96: 103 30406 60709 91012 121315 151618 181921 212224 242527 272830 303133 333436 363739 394042 424345 454648 484951 515254 545557 575860 606163 636466 666769 697072 727375 757678 787981 818284 848587 878890 909193 939496 969799 1000000
Case #97: 100063090197999414
Case #98: 8196880 2565623164 5123049448 7680475732 10237902016 12795328300 15352754584 17910180868 20467607151
Case #99: 7874976174 1267871163628
Case #100: 268822560488 170164680788336 340060539016184 509956397244032 679852255471880 849748113699728 1019643971927576 1189539830155424 1359435688383272 1529331546611120
