Case #1: 989 43
Case #2: 962 12
Case #3: 113 113
Case #4: 976 39
Case #5: 0 0
Case #6: 680 21
Case #7: 979 38
Case #8: 238 11
Case #9: 0 0
Case #10: 79 8
Case #11: 991 991
Case #12: 91 2
Case #13: 978 16
Case #14: 995 51
Case #15: 0 0
Case #16: 0 0
Case #17: 0 0
Case #18: 740 23
Case #19: 887 34
Case #20: 1000 1000
Case #21: 165 165
Case #22: 972 33
Case #23: 171 22
Case #24: 960 27
Case #25: 40 40
Case #26: 688 38
Case #27: 884 16
Case #28: 0 0
Case #29: 1000 1000
Case #30: 937 7
Case #31: 0 0
Case #32: 19 3
Case #33: 982 20
Case #34: 1000 1000
Case #35: 133 4
Case #36: 974 14
Case #37: 958 14
Case #38: 943 18
Case #39: 0 0
Case #40: 969 20
Case #41: 971 10
Case #42: 949 6
Case #43: 837 837
Case #44: 52 7
Case #45: 473 19
Case #46: 966 42
Case #47: 0 0
Case #48: 952 14
Case #49: 970 15
Case #50: 966 16
