Case #1: 0 0
Case #2: 3 1
Case #3: 6 1
Case #4: 9 4
Case #5: 8 1
Case #6: 8 8
Case #7: 6 2
Case #8: 9 2
Case #9: 7 2
Case #10: 6 0
Case #11: 8 2
Case #12: 6 1
Case #13: 8 8
Case #14: 0 0
Case #15: 7 3
Case #16: 9 3
Case #17: 0 0
Case #18: 10 10
Case #19: 7 2
Case #20: 6 2
Case #21: 10 6
Case #22: 0 0
Case #23: 7 4
Case #24: 2 1
Case #25: 8 3
Case #26: 10 10
Case #27: 5 5
Case #28: 10 10
Case #29: 2 1
Case #30: 7 2
Case #31: 0 0
Case #32: 10 10
Case #33: 7 1
Case #34: 10 10
Case #35: 2 1
Case #36: 0 0
Case #37: 10 10
Case #38: 7 1
Case #39: 0 0
Case #40: 8 8
Case #41: 7 1
Case #42: 0 0
Case #43: 3 3
Case #44: 10 10
Case #45: 0 0
Case #46: 3 1
Case #47: 7 1
Case #48: 7 3
Case #49: 0 0
Case #50: 10 3
