Case #1: 3 4 6
Case #2: 9 12 15 17 18 19 20 22 27 29
Case #3: 2 3 4
Case #4: 59 69 95 107
Case #5: 1 2 3 4 5 6 23
Case #6: 22 222
Case #7: 1 4 6 8 10 11 14 17
Case #8: 6 9 13
Case #9: 3 6 7 9 11 12 13
Case #10: 10 12 16 22 23 26 30
Case #11: 3 5 6
Case #12: 6 7 9 10
Case #13: 5 9 13 14 18 19 23
Case #14: 5 9
Case #15: 22 26 30 32 35 39 47 51
Case #16: 4 8
Case #17: 29 35 46 53 57 62 65 73 77
Case #18: 5 6 7 8
Case #19: 9 10 16 17
Case #20: 5 15 25 35 45 55 65 75 85 95
Case #21: 1 2 3 7
Case #22: 19 23 27 28 30 35 38 39 41 42
Case #23: 1 2 3 4 5 6 7 8 9 10
Case #24: 1 2 3
Case #25: 1 2 3 4 6 8 9 10 11
Case #26: 74 88 105 111 134 143 166 173 180 200
Case #27: 1 2 3 4 5 6 7
Case #28: 3 4 5
Case #29: 2 3 4 5
Case #30: 9 11 14 16 17 20 22 23 25 27
Case #31: 5 9 13 17 20 23 26
Case #32: 2 4
Case #33: 6 8
Case #34: 2 22
Case #35: 6 7 9 11
Case #36: 6 10 11 14 17 19 22 25 27 30
Case #37: 3 8 10 11 12 14 16 18 20 22
Case #38: 5 6 8
Case #39: 11 15 18 19 21 22 23 27 29
Case #40: 1 5 10 12 15 18 22 27 31 35
Case #41: 2 6
Case #42: 9 10 11 14 16 19 22 23 25 27
Case #43: 55 56 69 97 132 138 146
Case #44: 16 24 27 33 35 40
Case #45: 2 4 5 7
Case #46: 43 44 45 46 47 48 49
Case #47: 6 8 10 11 12 17 18 21 22
Case #48: 2 10 11 12 13 14 15 16 17 48
Case #49: 5 7 10 11 14
Case #50: 2 7 9 13 17 21 23 25
