Case #1: 24 6
Case #2: 38 114
Case #3: 27 54
Case #4: 27 1320
Case #5: 2 1
Case #6: 17 6
Case #7: 24 36
Case #8: 7 30
Case #9: 50 1458
Case #10: 36 240
Case #11: 48 5520
Case #12: 36 342
Case #13: 28 114
Case #14: 10 2
Case #15: 25 6
Case #16: 9 1
Case #17: 22 16
Case #18: 24 1458
Case #19: 22 6
Case #20: 42 540
Case #21: 40 390
Case #22: 54 600
Case #23: 29 3990
Case #24: 25 6
Case #25: 10 8
Case #26: 22 6
Case #27: 29 6
Case #28: 44 40824
Case #29: 10 6
Case #30: 30 6144
Case #31: 21 6
Case #32: 43 972
Case #33: 28 1320
Case #34: 9 1
Case #35: 3 1
Case #36: 44 324
Case #37: 30 1560
Case #38: 42 254
Case #39: 44 40824
Case #40: 81 2304
Case #41: 25 576
Case #42: 45 6048
Case #43: 30 114
Case #44: 38 390
Case #45: 20 24
Case #46: 33 1536
Case #47: 37 1266
Case #48: 28 6
Case #49: 47 972
Case #50: 37 540
Case #51: 38 1320
Case #52: 43 8400
Case #53: 26 276
Case #54: 27 1560
Case #55: 18 6
Case #56: 24 6
Case #57: 49 32424
Case #58: 40 36
Case #59: 51 6840
Case #60: 84 6048
Case #61: 30 6144
Case #62: 35 150
Case #63: 42 540
Case #64: 84 40824
Case #65: 12 2
Case #66: 34 1320
Case #67: 34 276
Case #68: 47 32424
Case #69: 45 25584
Case #70: 44 32424
Case #71: 25 30
Case #72: 5 1
Case #73: 2 1
Case #74: 17 128
Case #75: 34 150
Case #76: 22 150
Case #77: 28 576
Case #78: 30 24
Case #79: 15 1
Case #80: 39 4200
Case #81: 11 1
Case #82: 27 84
Case #83: 33 150
Case #84: 35 1266
Case #85: 38 6840
Case #86: 11 1
Case #87: 29 6840
Case #88: 38 192
Case #89: 21 36
Case #90: 24 24
Case #91: 43 5796
Case #92: 25 150
Case #93: 84 11232
Case #94: 5 2
Case #95: 43 32424
Case #96: 18 18
Case #97: 26 18
Case #98: 42 162
Case #99: 33 390
Case #100: 33 276
